2023-12-19 08:56:53.558 | INFO     | scripts.pipeline_class:<module>:28 - Running on win32
2023-12-19 08:56:53.558 | INFO     | scripts.pipeline_ai:<module>:27 - Running on win32
2023-12-19 08:56:53.558 | INFO     | scripts.pipeline_ai:<module>:27 - Running on win32
2023-12-19 08:56:53.558 | INFO     | scripts.pipeline_class:process:190 - hindi process started
2023-12-19 08:56:53.558 | INFO     | scripts.pipeline_class:process:190 - hindi process started
2023-12-19 08:56:53.558 | INFO     | scripts.pipeline_class:__init__:33 - Class initialized
2023-12-19 08:56:53.558 | INFO     | scripts.pipeline_class:__init__:33 - Class initialized
2023-12-19 08:56:53.558 | INFO     | scripts.pipeline_class:__init__:39 - Device: cpu
2023-12-19 08:56:53.558 | INFO     | scripts.pipeline_class:__init__:39 - Device: cpu
2023-12-19 08:56:53.558 | INFO     | scripts.pipeline_class:start:117 - Starting Pipeline
2023-12-19 08:56:53.558 | INFO     | scripts.pipeline_class:start:117 - Starting Pipeline
2023-12-19 08:56:53.558 | INFO     | scripts.pipeline_class:translated_sub:68 - Creating Subtitles
2023-12-19 08:56:53.558 | INFO     | scripts.pipeline_class:translated_sub:68 - Creating Subtitles
2023-12-19 08:56:53.558 | INFO     | scripts.pipeline_class:translated_sub:73 - Reaching out to translator function...
2023-12-19 08:56:53.558 | INFO     | scripts.pipeline_class:translated_sub:73 - Reaching out to translator function...
2023-12-19 08:57:02.020 | INFO     | scripts.pipeline_class:translate:52 - Translating in hin_Deva
2023-12-19 08:57:02.020 | INFO     | scripts.pipeline_class:translate:52 - Translating in hin_Deva
2023-12-19 08:57:06.020 | INFO     | scripts.pipeline_class:translate:59 - Translation Done
2023-12-19 08:57:06.020 | INFO     | scripts.pipeline_class:translate:59 - Translation Done
2023-12-19 08:57:12.799 | INFO     | scripts.pipeline_class:translate:52 - Translating in hin_Deva
2023-12-19 08:57:12.799 | INFO     | scripts.pipeline_class:translate:52 - Translating in hin_Deva
2023-12-19 08:57:15.401 | INFO     | scripts.pipeline_class:translate:59 - Translation Done
2023-12-19 08:57:15.401 | INFO     | scripts.pipeline_class:translate:59 - Translation Done
2023-12-19 08:57:21.443 | INFO     | scripts.pipeline_class:translate:52 - Translating in hin_Deva
2023-12-19 08:57:21.443 | INFO     | scripts.pipeline_class:translate:52 - Translating in hin_Deva
2023-12-19 08:57:25.666 | INFO     | scripts.pipeline_class:translate:59 - Translation Done
2023-12-19 08:57:25.666 | INFO     | scripts.pipeline_class:translate:59 - Translation Done
2023-12-19 08:57:25.825 | INFO     | scripts.pipeline_class:translated_sub:87 - Translated.
2023-12-19 08:57:25.825 | INFO     | scripts.pipeline_class:translated_sub:87 - Translated.
2023-12-19 08:57:25.825 | INFO     | scripts.pipeline_class:translated_sub:88 - Subtitles are created
2023-12-19 08:57:25.825 | INFO     | scripts.pipeline_class:translated_sub:88 - Subtitles are created
2023-12-19 08:57:25.825 | INFO     | scripts.pipeline_class:tts:95 - Starting Text to Speech
2023-12-19 08:57:25.825 | INFO     | scripts.pipeline_class:tts:95 - Starting Text to Speech
2023-12-19 08:57:45.205 | ERROR    | scripts.pipeline_class:tts:101 - Error while loading TTS model:(MaxRetryError('HTTPSConnectionPool(host=\'cdn-lfs-us-1.huggingface.co\', port=443): Max retries exceeded with url: /repos/4e/f5/4ef57d60be7a4fc4fe11275a66ebde717719a364398c50716805a57f9cc29567/85cab984fbc111f8713827c440499453b9e66f262862866eeed8725c302ba2ac?response-content-disposition=attachment%3B+filename*%3DUTF-8%27%27model-00001-of-00002.safetensors%3B+filename%3D%22model-00001-of-00002.safetensors%22%3B&Expires=1703215650&Policy=eyJTdGF0ZW1lbnQiOlt7IkNvbmRpdGlvbiI6eyJEYXRlTGVzc1RoYW4iOnsiQVdTOkVwb2NoVGltZSI6MTcwMzIxNTY1MH19LCJSZXNvdXJjZSI6Imh0dHBzOi8vY2RuLWxmcy11cy0xLmh1Z2dpbmdmYWNlLmNvL3JlcG9zLzRlL2Y1LzRlZjU3ZDYwYmU3YTRmYzRmZTExMjc1YTY2ZWJkZTcxNzcxOWEzNjQzOThjNTA3MTY4MDVhNTdmOWNjMjk1NjcvODVjYWI5ODRmYmMxMTFmODcxMzgyN2M0NDA0OTk0NTNiOWU2NmYyNjI4NjI4NjZlZWVkODcyNWMzMDJiYTJhYz9yZXNwb25zZS1jb250ZW50LWRpc3Bvc2l0aW9uPSoifV19&Signature=bjcjga05F13vrw0HBcnHbC48YdW2DKIdTcLUyqDKA3Dp04BTpn6iIZyZGJKMVqfHN7YgSIvGpINPWJi8oPxnZF7qbEk06HVdCEkrUQq1IAmHQzxpBAbn5jTmdpQZNPoedZ7moKl2KfwtBNDB92KOpEo0g~kVBirWkS7RDkWXOMhYzY5e21vufnjfxKaGUqWKCrTZULDLDHY2WdiYPsxnQRk0APQpAJoRwrlcwB1szQkLtE9x7DRYBh-HiNo2pzptvYgueBs2VpCmNIMhRiKbGIsAgRuIK616ig7g0EOfxv2~EIUh4UTDGX0CyRTW4yR65KnTGv3ozRJzB3-Z9PU0XA__&Key-Pair-Id=KCD77M1F0VK2B (Caused by NameResolutionError("<urllib3.connection.HTTPSConnection object at 0x0000020CE830F750>: Failed to resolve \'cdn-lfs-us-1.huggingface.co\' ([Errno 11001] getaddrinfo failed)"))'), '(Request ID: 2d1f7a28-93c6-4255-8762-aa2ec2330564)')
2023-12-19 08:57:45.205 | ERROR    | scripts.pipeline_class:tts:101 - Error while loading TTS model:(MaxRetryError('HTTPSConnectionPool(host=\'cdn-lfs-us-1.huggingface.co\', port=443): Max retries exceeded with url: /repos/4e/f5/4ef57d60be7a4fc4fe11275a66ebde717719a364398c50716805a57f9cc29567/85cab984fbc111f8713827c440499453b9e66f262862866eeed8725c302ba2ac?response-content-disposition=attachment%3B+filename*%3DUTF-8%27%27model-00001-of-00002.safetensors%3B+filename%3D%22model-00001-of-00002.safetensors%22%3B&Expires=1703215650&Policy=eyJTdGF0ZW1lbnQiOlt7IkNvbmRpdGlvbiI6eyJEYXRlTGVzc1RoYW4iOnsiQVdTOkVwb2NoVGltZSI6MTcwMzIxNTY1MH19LCJSZXNvdXJjZSI6Imh0dHBzOi8vY2RuLWxmcy11cy0xLmh1Z2dpbmdmYWNlLmNvL3JlcG9zLzRlL2Y1LzRlZjU3ZDYwYmU3YTRmYzRmZTExMjc1YTY2ZWJkZTcxNzcxOWEzNjQzOThjNTA3MTY4MDVhNTdmOWNjMjk1NjcvODVjYWI5ODRmYmMxMTFmODcxMzgyN2M0NDA0OTk0NTNiOWU2NmYyNjI4NjI4NjZlZWVkODcyNWMzMDJiYTJhYz9yZXNwb25zZS1jb250ZW50LWRpc3Bvc2l0aW9uPSoifV19&Signature=bjcjga05F13vrw0HBcnHbC48YdW2DKIdTcLUyqDKA3Dp04BTpn6iIZyZGJKMVqfHN7YgSIvGpINPWJi8oPxnZF7qbEk06HVdCEkrUQq1IAmHQzxpBAbn5jTmdpQZNPoedZ7moKl2KfwtBNDB92KOpEo0g~kVBirWkS7RDkWXOMhYzY5e21vufnjfxKaGUqWKCrTZULDLDHY2WdiYPsxnQRk0APQpAJoRwrlcwB1szQkLtE9x7DRYBh-HiNo2pzptvYgueBs2VpCmNIMhRiKbGIsAgRuIK616ig7g0EOfxv2~EIUh4UTDGX0CyRTW4yR65KnTGv3ozRJzB3-Z9PU0XA__&Key-Pair-Id=KCD77M1F0VK2B (Caused by NameResolutionError("<urllib3.connection.HTTPSConnection object at 0x0000020CE830F750>: Failed to resolve \'cdn-lfs-us-1.huggingface.co\' ([Errno 11001] getaddrinfo failed)"))'), '(Request ID: 2d1f7a28-93c6-4255-8762-aa2ec2330564)')
2023-12-19 08:57:45.208 | ERROR    | scripts.pipeline_class:tts:112 - Error while TTS:1
2023-12-19 08:57:45.208 | ERROR    | scripts.pipeline_class:tts:112 - Error while TTS:1
2023-12-19 08:57:45.210 | ERROR    | scripts.pipeline_class:start:131 - Error while running pipeline:1
2023-12-19 08:57:45.210 | ERROR    | scripts.pipeline_class:start:131 - Error while running pipeline:1
