2023-12-19 15:41:33.068 | INFO     | scripts.pipeline_ai:<module>:29 - Running on darwin
2023-12-19 15:41:33.068 | INFO     | scripts.pipeline_class:process:190 - telugu process started
2023-12-19 15:41:33.068 | INFO     | scripts.pipeline_class:__init__:33 - Class initialized
2023-12-19 15:41:33.069 | INFO     | scripts.pipeline_class:__init__:39 - Device: cpu
2023-12-19 15:41:33.069 | INFO     | scripts.pipeline_class:start:117 - Starting Pipeline
2023-12-19 15:41:33.069 | INFO     | scripts.pipeline_class:translated_sub:68 - Creating Subtitles
2023-12-19 15:41:33.069 | INFO     | scripts.pipeline_class:translated_sub:73 - Reaching out to translator function...
2023-12-19 15:41:49.005 | INFO     | scripts.pipeline_class:translate:52 - Translating in tel_Telu
2023-12-19 15:41:51.192 | INFO     | scripts.pipeline_class:translate:59 - Translation Done
2023-12-19 15:42:04.559 | INFO     | scripts.pipeline_class:translate:52 - Translating in tel_Telu
2023-12-19 15:42:05.866 | INFO     | scripts.pipeline_class:translate:59 - Translation Done
2023-12-19 15:42:18.382 | INFO     | scripts.pipeline_class:translate:52 - Translating in tel_Telu
2023-12-19 15:42:19.365 | INFO     | scripts.pipeline_class:translate:59 - Translation Done
2023-12-19 15:42:31.907 | INFO     | scripts.pipeline_class:translate:52 - Translating in tel_Telu
2023-12-19 15:42:33.231 | INFO     | scripts.pipeline_class:translate:59 - Translation Done
2023-12-19 15:42:46.031 | INFO     | scripts.pipeline_class:translate:52 - Translating in tel_Telu
2023-12-19 15:42:47.293 | INFO     | scripts.pipeline_class:translate:59 - Translation Done
2023-12-19 15:42:59.859 | INFO     | scripts.pipeline_class:translate:52 - Translating in tel_Telu
2023-12-19 15:43:01.347 | INFO     | scripts.pipeline_class:translate:59 - Translation Done
2023-12-19 15:43:13.888 | INFO     | scripts.pipeline_class:translate:52 - Translating in tel_Telu
2023-12-19 15:43:14.858 | INFO     | scripts.pipeline_class:translate:59 - Translation Done
2023-12-19 15:43:27.598 | INFO     | scripts.pipeline_class:translate:52 - Translating in tel_Telu
2023-12-19 15:43:29.075 | INFO     | scripts.pipeline_class:translate:59 - Translation Done
2023-12-19 15:43:41.639 | INFO     | scripts.pipeline_class:translate:52 - Translating in tel_Telu
2023-12-19 15:43:42.593 | INFO     | scripts.pipeline_class:translate:59 - Translation Done
2023-12-19 15:43:55.346 | INFO     | scripts.pipeline_class:translate:52 - Translating in tel_Telu
2023-12-19 15:43:56.453 | INFO     | scripts.pipeline_class:translate:59 - Translation Done
2023-12-19 15:44:09.285 | INFO     | scripts.pipeline_class:translate:52 - Translating in tel_Telu
2023-12-19 15:44:10.516 | INFO     | scripts.pipeline_class:translate:59 - Translation Done
2023-12-19 15:44:23.262 | INFO     | scripts.pipeline_class:translate:52 - Translating in tel_Telu
2023-12-19 15:44:24.931 | INFO     | scripts.pipeline_class:translate:59 - Translation Done
2023-12-19 15:44:37.836 | INFO     | scripts.pipeline_class:translate:52 - Translating in tel_Telu
2023-12-19 15:44:38.788 | INFO     | scripts.pipeline_class:translate:59 - Translation Done
2023-12-19 15:44:51.393 | INFO     | scripts.pipeline_class:translate:52 - Translating in tel_Telu
2023-12-19 15:44:52.676 | INFO     | scripts.pipeline_class:translate:59 - Translation Done
2023-12-19 15:45:05.301 | INFO     | scripts.pipeline_class:translate:52 - Translating in tel_Telu
2023-12-19 15:45:06.647 | INFO     | scripts.pipeline_class:translate:59 - Translation Done
2023-12-19 15:45:19.465 | INFO     | scripts.pipeline_class:translate:52 - Translating in tel_Telu
2023-12-19 15:45:21.054 | INFO     | scripts.pipeline_class:translate:59 - Translation Done
2023-12-19 15:45:33.612 | INFO     | scripts.pipeline_class:translate:52 - Translating in tel_Telu
2023-12-19 15:45:34.888 | INFO     | scripts.pipeline_class:translate:59 - Translation Done
2023-12-19 15:45:47.695 | INFO     | scripts.pipeline_class:translate:52 - Translating in tel_Telu
2023-12-19 15:45:49.312 | INFO     | scripts.pipeline_class:translate:59 - Translation Done
2023-12-19 15:46:02.277 | INFO     | scripts.pipeline_class:translate:52 - Translating in tel_Telu
2023-12-19 15:46:03.753 | INFO     | scripts.pipeline_class:translate:59 - Translation Done
2023-12-19 15:46:16.395 | INFO     | scripts.pipeline_class:translate:52 - Translating in tel_Telu
2023-12-19 15:46:18.476 | INFO     | scripts.pipeline_class:translate:59 - Translation Done
2023-12-19 15:46:31.661 | INFO     | scripts.pipeline_class:translate:52 - Translating in tel_Telu
2023-12-19 15:46:33.145 | INFO     | scripts.pipeline_class:translate:59 - Translation Done
2023-12-19 15:46:45.965 | INFO     | scripts.pipeline_class:translate:52 - Translating in tel_Telu
2023-12-19 15:46:47.180 | INFO     | scripts.pipeline_class:translate:59 - Translation Done
2023-12-19 15:46:47.248 | INFO     | scripts.pipeline_class:translated_sub:87 - Translated.
2023-12-19 15:46:47.248 | INFO     | scripts.pipeline_class:translated_sub:88 - Subtitles are created
2023-12-19 15:46:47.248 | INFO     | scripts.pipeline_class:tts:95 - Starting Text to Speech
2023-12-19 15:48:10.128 | INFO     | scripts.pipeline_class:tts:109 - Text to Speech done
2023-12-19 15:48:10.839 | INFO     | scripts.pipeline_class:start:129 - Pipeline Done
2023-12-19 15:48:10.839 | INFO     | scripts.pipeline_class:process:192 - telugu process completed
