2023-12-03 18:13:25.204 | INFO     | scripts.pipeline_class:<module>:26 - Running on darwin
2023-12-03 18:13:25.206 | INFO     | scripts.pipeline_class:process:160 - hindi process started
2023-12-03 18:13:25.206 | INFO     | scripts.pipeline_class:__init__:31 - Class initialized
2023-12-03 18:13:25.206 | INFO     | scripts.pipeline_class:__init__:37 - Device: mps
2023-12-03 18:13:25.206 | INFO     | scripts.pipeline_class:start:141 - Starting Pipeline
2023-12-03 18:13:25.206 | INFO     | scripts.pipeline_class:transcibe:42 - Starting Transcription
2023-12-03 18:13:28.424 | INFO     | scripts.pipeline_class:transcibe:50 - Transciption Done
2023-12-03 18:13:28.443 | INFO     | scripts.pipeline_class:translated_sub:92 - Creating Subtitles
2023-12-03 18:13:28.443 | INFO     | scripts.pipeline_class:translated_sub:97 - Reaching out to translator function...
2023-12-03 18:13:56.314 | INFO     | scripts.pipeline_class:translate:66 - Translating in hi_IN
2023-12-03 18:14:19.230 | INFO     | scripts.pipeline_class:translate:74 - Translation Done
2023-12-03 18:14:59.506 | INFO     | scripts.pipeline_class:translate:66 - Translating in hi_IN
2023-12-03 18:15:02.689 | INFO     | scripts.pipeline_class:translate:74 - Translation Done
2023-12-03 18:15:38.898 | INFO     | scripts.pipeline_class:translate:66 - Translating in hi_IN
2023-12-03 18:15:42.933 | INFO     | scripts.pipeline_class:translate:74 - Translation Done
2023-12-03 18:16:21.899 | INFO     | scripts.pipeline_class:translate:66 - Translating in hi_IN
2023-12-03 18:16:27.420 | INFO     | scripts.pipeline_class:translate:74 - Translation Done
2023-12-03 18:17:01.822 | INFO     | scripts.pipeline_class:translate:66 - Translating in hi_IN
2023-12-03 18:17:07.256 | INFO     | scripts.pipeline_class:translate:74 - Translation Done
2023-12-03 18:17:07.473 | INFO     | scripts.pipeline_class:translated_sub:111 - Translated.
2023-12-03 18:17:07.474 | INFO     | scripts.pipeline_class:translated_sub:112 - Subtitles are created
2023-12-03 18:17:07.474 | INFO     | scripts.pipeline_class:tts:119 - Starting Text to Speech
2023-12-03 18:17:24.571 | ERROR    | scripts.pipeline_class:tts:136 - Error while TTS:The operator 'aten::_weight_norm_interface' is not currently implemented for the MPS device. If you want this op to be added in priority during the prototype phase of this feature, please comment on https://github.com/pytorch/pytorch/issues/77764. As a temporary fix, you can set the environment variable `PYTORCH_ENABLE_MPS_FALLBACK=1` to use the CPU as a fallback for this op. WARNING: this will be slower than running natively on MPS.
2023-12-03 18:17:24.572 | ERROR    | scripts.pipeline_class:start:155 - Error while running pipeline:1
