2023-12-02 17:01:43.118 | INFO     | scripts.pipeline_class:<module>:23 - Running on darwin
2023-12-02 17:01:43.119 | INFO     | scripts.pipeline_class:process:156 - marathi process started
2023-12-02 17:01:43.119 | INFO     | scripts.pipeline_class:__init__:28 - Class initialized
2023-12-02 17:01:43.119 | INFO     | scripts.pipeline_class:__init__:33 - Device: cpu
2023-12-02 17:01:43.119 | INFO     | scripts.pipeline_class:start:137 - Starting Pipeline
2023-12-02 17:01:43.119 | INFO     | scripts.pipeline_class:transcibe:38 - Starting Transcription
2023-12-02 17:01:46.300 | INFO     | scripts.pipeline_class:transcibe:46 - Transciption Done
2023-12-02 17:01:46.313 | INFO     | scripts.pipeline_class:translated_sub:88 - Creating Subtitles
2023-12-02 17:01:46.313 | INFO     | scripts.pipeline_class:translated_sub:93 - Reaching out to translator function...
2023-12-02 17:02:09.556 | INFO     | scripts.pipeline_class:translate:62 - Translating in mr_IN
2023-12-02 17:02:18.379 | INFO     | scripts.pipeline_class:translate:70 - Translation Done
2023-12-02 17:02:38.980 | INFO     | scripts.pipeline_class:translate:62 - Translating in mr_IN
2023-12-02 17:02:40.225 | INFO     | scripts.pipeline_class:translate:70 - Translation Done
2023-12-02 17:03:00.639 | INFO     | scripts.pipeline_class:translate:62 - Translating in mr_IN
2023-12-02 17:03:08.893 | INFO     | scripts.pipeline_class:translate:70 - Translation Done
2023-12-02 17:03:29.618 | INFO     | scripts.pipeline_class:translate:62 - Translating in mr_IN
2023-12-02 17:03:30.643 | INFO     | scripts.pipeline_class:translate:70 - Translation Done
2023-12-02 17:03:50.378 | INFO     | scripts.pipeline_class:translate:62 - Translating in mr_IN
2023-12-02 17:03:57.396 | INFO     | scripts.pipeline_class:translate:70 - Translation Done
2023-12-02 17:03:57.590 | INFO     | scripts.pipeline_class:translated_sub:107 - Translated.
2023-12-02 17:03:57.590 | INFO     | scripts.pipeline_class:translated_sub:108 - Subtitles are created
2023-12-02 17:03:57.590 | INFO     | scripts.pipeline_class:tts:115 - Starting Text to Speech
2023-12-02 17:04:02.694 | INFO     | scripts.pipeline_class:tts:129 - Text to Speech done
2023-12-02 17:04:02.698 | INFO     | scripts.pipeline_class:start:149 - Pipeline Done
2023-12-02 17:04:02.698 | INFO     | scripts.pipeline_class:process:158 - marathi process completed
