2023-12-13 02:43:58.129 | INFO     | __main__:<module>:26 - Running on win32
2023-12-13 02:43:58.131 | INFO     | __main__:process:185 - hindi process started
2023-12-13 02:43:58.131 | INFO     | __main__:__init__:31 - Class initialized
2023-12-13 02:43:58.131 | INFO     | __main__:__init__:37 - Device: cpu
2023-12-13 02:43:58.132 | INFO     | __main__:start:166 - Starting Pipeline
2023-12-13 02:43:58.132 | INFO     | __main__:transcibe:52 - Starting Transcription
2023-12-13 02:44:28.191 | INFO     | __main__:transcibe:61 - Transciption Done
2023-12-13 02:44:39.388 | INFO     | __main__:translated_sub:117 - Creating Subtitles
2023-12-13 02:44:39.388 | INFO     | __main__:translated_sub:122 - Reaching out to translator function...
2023-12-13 02:50:01.763 | INFO     | __main__:translate:91 - Translating in hi_IN
2023-12-13 02:50:10.732 | INFO     | __main__:translate:99 - Translation Done
2023-12-13 02:50:23.204 | INFO     | __main__:translate:91 - Translating in hi_IN
2023-12-13 02:50:31.522 | INFO     | __main__:translate:99 - Translation Done
2023-12-13 02:50:43.353 | INFO     | __main__:translate:91 - Translating in hi_IN
2023-12-13 02:50:51.293 | INFO     | __main__:translate:99 - Translation Done
2023-12-13 02:50:51.600 | INFO     | __main__:translated_sub:136 - Translated.
2023-12-13 02:50:51.600 | INFO     | __main__:translated_sub:137 - Subtitles are created
2023-12-13 02:50:51.600 | INFO     | __main__:tts:144 - Starting Text to Speech
2023-12-13 02:51:33.235 | ERROR    | __main__:tts:161 - Error while TTS:[Errno 2] No such file or directory: 'E:/Vaani-ML/data/audio/input_hi.wav'
2023-12-13 02:51:33.235 | ERROR    | __main__:start:180 - Error while running pipeline:1
