2023-12-19 12:00:29.070 | INFO     | scripts.pipeline_class:<module>:28 - Running on win32
2023-12-19 12:00:29.070 | INFO     | scripts.pipeline_ai:<module>:29 - Running on win32
2023-12-19 12:00:29.070 | INFO     | scripts.pipeline_ai:<module>:29 - Running on win32
2023-12-19 12:00:29.086 | INFO     | scripts.pipeline_ai:process:195 - assamese process started
2023-12-19 12:00:29.086 | INFO     | scripts.pipeline_ai:process:195 - assamese process started
2023-12-19 12:00:29.086 | INFO     | scripts.pipeline_ai:__init__:34 - Class initialized
2023-12-19 12:00:29.086 | INFO     | scripts.pipeline_ai:__init__:34 - Class initialized
2023-12-19 12:00:29.086 | INFO     | scripts.pipeline_ai:__init__:40 - Device: cpu
2023-12-19 12:00:29.086 | INFO     | scripts.pipeline_ai:__init__:40 - Device: cpu
2023-12-19 12:00:29.086 | INFO     | scripts.pipeline_ai:start:122 - Starting Pipeline
2023-12-19 12:00:29.086 | INFO     | scripts.pipeline_ai:start:122 - Starting Pipeline
2023-12-19 12:00:29.086 | INFO     | scripts.pipeline_ai:translated_sub:69 - Creating Subtitles
2023-12-19 12:00:29.086 | INFO     | scripts.pipeline_ai:translated_sub:69 - Creating Subtitles
2023-12-19 12:00:29.086 | INFO     | scripts.pipeline_ai:translated_sub:74 - Reaching out to translator function...
2023-12-19 12:00:29.086 | INFO     | scripts.pipeline_ai:translated_sub:74 - Reaching out to translator function...
2023-12-19 12:00:35.814 | INFO     | scripts.pipeline_ai:translate:53 - Translating in asm_Beng
2023-12-19 12:00:35.814 | INFO     | scripts.pipeline_ai:translate:53 - Translating in asm_Beng
2023-12-19 12:00:38.932 | INFO     | scripts.pipeline_ai:translate:60 - Translation Done
2023-12-19 12:00:38.932 | INFO     | scripts.pipeline_ai:translate:60 - Translation Done
2023-12-19 12:00:44.494 | INFO     | scripts.pipeline_ai:translate:53 - Translating in asm_Beng
2023-12-19 12:00:44.494 | INFO     | scripts.pipeline_ai:translate:53 - Translating in asm_Beng
2023-12-19 12:00:46.936 | INFO     | scripts.pipeline_ai:translate:60 - Translation Done
2023-12-19 12:00:46.936 | INFO     | scripts.pipeline_ai:translate:60 - Translation Done
2023-12-19 12:00:53.331 | INFO     | scripts.pipeline_ai:translate:53 - Translating in asm_Beng
2023-12-19 12:00:53.331 | INFO     | scripts.pipeline_ai:translate:53 - Translating in asm_Beng
2023-12-19 12:00:56.370 | INFO     | scripts.pipeline_ai:translate:60 - Translation Done
2023-12-19 12:00:56.370 | INFO     | scripts.pipeline_ai:translate:60 - Translation Done
2023-12-19 12:00:56.437 | INFO     | scripts.pipeline_ai:translated_sub:88 - Translated.
2023-12-19 12:00:56.437 | INFO     | scripts.pipeline_ai:translated_sub:88 - Translated.
2023-12-19 12:00:56.437 | INFO     | scripts.pipeline_ai:translated_sub:89 - Subtitles are created
2023-12-19 12:00:56.437 | INFO     | scripts.pipeline_ai:translated_sub:89 - Subtitles are created
2023-12-19 12:00:56.437 | INFO     | scripts.pipeline_ai:tts:96 - Starting Text to Speech
2023-12-19 12:00:56.437 | INFO     | scripts.pipeline_ai:tts:96 - Starting Text to Speech
2023-12-19 12:01:16.939 | INFO     | scripts.pipeline_ai:tts:114 - Text to Speech done
2023-12-19 12:01:16.939 | INFO     | scripts.pipeline_ai:tts:114 - Text to Speech done
2023-12-19 12:01:16.939 | INFO     | scripts.pipeline_ai:start:134 - Pipeline Done
2023-12-19 12:01:16.939 | INFO     | scripts.pipeline_ai:start:134 - Pipeline Done
2023-12-19 12:01:16.939 | INFO     | scripts.pipeline_ai:process:197 - assamese process completed
2023-12-19 12:01:16.939 | INFO     | scripts.pipeline_ai:process:197 - assamese process completed
