2023-12-19 08:33:48.294 | INFO     | scripts.pipeline_class:<module>:28 - Running on win32
2023-12-19 08:33:48.294 | INFO     | scripts.pipeline_ai:<module>:27 - Running on win32
2023-12-19 08:33:48.294 | INFO     | scripts.pipeline_ai:<module>:27 - Running on win32
2023-12-19 08:33:48.294 | INFO     | scripts.pipeline_class:process:190 - hindi process started
2023-12-19 08:33:48.294 | INFO     | scripts.pipeline_class:process:190 - hindi process started
2023-12-19 08:33:48.294 | INFO     | scripts.pipeline_class:__init__:33 - Class initialized
2023-12-19 08:33:48.294 | INFO     | scripts.pipeline_class:__init__:33 - Class initialized
2023-12-19 08:33:48.294 | INFO     | scripts.pipeline_class:__init__:39 - Device: cpu
2023-12-19 08:33:48.294 | INFO     | scripts.pipeline_class:__init__:39 - Device: cpu
2023-12-19 08:33:48.294 | INFO     | scripts.pipeline_class:start:117 - Starting Pipeline
2023-12-19 08:33:48.294 | INFO     | scripts.pipeline_class:start:117 - Starting Pipeline
2023-12-19 08:33:48.302 | INFO     | scripts.pipeline_class:translated_sub:68 - Creating Subtitles
2023-12-19 08:33:48.302 | INFO     | scripts.pipeline_class:translated_sub:68 - Creating Subtitles
2023-12-19 08:33:48.302 | INFO     | scripts.pipeline_class:translated_sub:73 - Reaching out to translator function...
2023-12-19 08:33:48.302 | INFO     | scripts.pipeline_class:translated_sub:73 - Reaching out to translator function...
2023-12-19 08:37:28.279 | INFO     | scripts.pipeline_class:translate:52 - Translating in hin_Deva
2023-12-19 08:37:28.279 | INFO     | scripts.pipeline_class:translate:52 - Translating in hin_Deva
2023-12-19 08:37:32.326 | INFO     | scripts.pipeline_class:translate:59 - Translation Done
2023-12-19 08:37:32.326 | INFO     | scripts.pipeline_class:translate:59 - Translation Done
2023-12-19 08:37:38.424 | INFO     | scripts.pipeline_class:translate:52 - Translating in hin_Deva
2023-12-19 08:37:38.424 | INFO     | scripts.pipeline_class:translate:52 - Translating in hin_Deva
2023-12-19 08:37:40.815 | INFO     | scripts.pipeline_class:translate:59 - Translation Done
2023-12-19 08:37:40.815 | INFO     | scripts.pipeline_class:translate:59 - Translation Done
2023-12-19 08:37:47.283 | INFO     | scripts.pipeline_class:translate:52 - Translating in hin_Deva
2023-12-19 08:37:47.283 | INFO     | scripts.pipeline_class:translate:52 - Translating in hin_Deva
2023-12-19 08:37:50.287 | INFO     | scripts.pipeline_class:translate:59 - Translation Done
2023-12-19 08:37:50.287 | INFO     | scripts.pipeline_class:translate:59 - Translation Done
2023-12-19 08:37:50.391 | INFO     | scripts.pipeline_class:translated_sub:87 - Translated.
2023-12-19 08:37:50.391 | INFO     | scripts.pipeline_class:translated_sub:87 - Translated.
2023-12-19 08:37:50.391 | INFO     | scripts.pipeline_class:translated_sub:88 - Subtitles are created
2023-12-19 08:37:50.391 | INFO     | scripts.pipeline_class:translated_sub:88 - Subtitles are created
2023-12-19 08:37:50.391 | INFO     | scripts.pipeline_class:tts:95 - Starting Text to Speech
2023-12-19 08:37:50.391 | INFO     | scripts.pipeline_class:tts:95 - Starting Text to Speech
2023-12-19 08:44:16.515 | ERROR    | scripts.pipeline_class:tts:101 - Error while loading TTS model:(MaxRetryError('HTTPSConnectionPool(host=\'cdn-lfs-us-1.huggingface.co\', port=443): Max retries exceeded with url: /repos/4e/f5/4ef57d60be7a4fc4fe11275a66ebde717719a364398c50716805a57f9cc29567/85cab984fbc111f8713827c440499453b9e66f262862866eeed8725c302ba2ac?response-content-disposition=attachment%3B+filename*%3DUTF-8%27%27model-00001-of-00002.safetensors%3B+filename%3D%22model-00001-of-00002.safetensors%22%3B&Expires=1703214482&Policy=eyJTdGF0ZW1lbnQiOlt7IkNvbmRpdGlvbiI6eyJEYXRlTGVzc1RoYW4iOnsiQVdTOkVwb2NoVGltZSI6MTcwMzIxNDQ4Mn19LCJSZXNvdXJjZSI6Imh0dHBzOi8vY2RuLWxmcy11cy0xLmh1Z2dpbmdmYWNlLmNvL3JlcG9zLzRlL2Y1LzRlZjU3ZDYwYmU3YTRmYzRmZTExMjc1YTY2ZWJkZTcxNzcxOWEzNjQzOThjNTA3MTY4MDVhNTdmOWNjMjk1NjcvODVjYWI5ODRmYmMxMTFmODcxMzgyN2M0NDA0OTk0NTNiOWU2NmYyNjI4NjI4NjZlZWVkODcyNWMzMDJiYTJhYz9yZXNwb25zZS1jb250ZW50LWRpc3Bvc2l0aW9uPSoifV19&Signature=YjM95BaoTMloi5PDf6kcp0bzy~rAQhkk0R-E3CI0QQbIVbIW6Dac6ZvKYjo8TRAOEHx-JfF1P-fONgXIjH5pihIBjI3ODJHYVAzzCBBJKjB8xfGqdYVybnYpT4Lb6csFRRXNNtJpACGVVPOIu2GB8SkW--MEBE~CuAzsYez04Siu5SikWWjB~MLmu7BkvEQQORSFeMkNxMHY2Z2XJwcsWfY8eWtmJ4x3zmW8dkTl7OqohjNoP4z6OIH19h4J6cZU05mck4DsQ0sZAx9R5bU~pQAwAC1sRPMmWgiV6VfBpQKf7Ez2yE2JGZ1MxCYbo1DNQlpbJQigSHLVKAHAO4jW7w__&Key-Pair-Id=KCD77M1F0VK2B (Caused by NameResolutionError("<urllib3.connection.HTTPSConnection object at 0x0000019400A2F150>: Failed to resolve \'cdn-lfs-us-1.huggingface.co\' ([Errno 11001] getaddrinfo failed)"))'), '(Request ID: c46529a6-3073-4e3c-88d6-0eba83fc7cc5)')
2023-12-19 08:44:16.515 | ERROR    | scripts.pipeline_class:tts:101 - Error while loading TTS model:(MaxRetryError('HTTPSConnectionPool(host=\'cdn-lfs-us-1.huggingface.co\', port=443): Max retries exceeded with url: /repos/4e/f5/4ef57d60be7a4fc4fe11275a66ebde717719a364398c50716805a57f9cc29567/85cab984fbc111f8713827c440499453b9e66f262862866eeed8725c302ba2ac?response-content-disposition=attachment%3B+filename*%3DUTF-8%27%27model-00001-of-00002.safetensors%3B+filename%3D%22model-00001-of-00002.safetensors%22%3B&Expires=1703214482&Policy=eyJTdGF0ZW1lbnQiOlt7IkNvbmRpdGlvbiI6eyJEYXRlTGVzc1RoYW4iOnsiQVdTOkVwb2NoVGltZSI6MTcwMzIxNDQ4Mn19LCJSZXNvdXJjZSI6Imh0dHBzOi8vY2RuLWxmcy11cy0xLmh1Z2dpbmdmYWNlLmNvL3JlcG9zLzRlL2Y1LzRlZjU3ZDYwYmU3YTRmYzRmZTExMjc1YTY2ZWJkZTcxNzcxOWEzNjQzOThjNTA3MTY4MDVhNTdmOWNjMjk1NjcvODVjYWI5ODRmYmMxMTFmODcxMzgyN2M0NDA0OTk0NTNiOWU2NmYyNjI4NjI4NjZlZWVkODcyNWMzMDJiYTJhYz9yZXNwb25zZS1jb250ZW50LWRpc3Bvc2l0aW9uPSoifV19&Signature=YjM95BaoTMloi5PDf6kcp0bzy~rAQhkk0R-E3CI0QQbIVbIW6Dac6ZvKYjo8TRAOEHx-JfF1P-fONgXIjH5pihIBjI3ODJHYVAzzCBBJKjB8xfGqdYVybnYpT4Lb6csFRRXNNtJpACGVVPOIu2GB8SkW--MEBE~CuAzsYez04Siu5SikWWjB~MLmu7BkvEQQORSFeMkNxMHY2Z2XJwcsWfY8eWtmJ4x3zmW8dkTl7OqohjNoP4z6OIH19h4J6cZU05mck4DsQ0sZAx9R5bU~pQAwAC1sRPMmWgiV6VfBpQKf7Ez2yE2JGZ1MxCYbo1DNQlpbJQigSHLVKAHAO4jW7w__&Key-Pair-Id=KCD77M1F0VK2B (Caused by NameResolutionError("<urllib3.connection.HTTPSConnection object at 0x0000019400A2F150>: Failed to resolve \'cdn-lfs-us-1.huggingface.co\' ([Errno 11001] getaddrinfo failed)"))'), '(Request ID: c46529a6-3073-4e3c-88d6-0eba83fc7cc5)')
2023-12-19 08:44:16.517 | ERROR    | scripts.pipeline_class:tts:112 - Error while TTS:1
2023-12-19 08:44:16.517 | ERROR    | scripts.pipeline_class:tts:112 - Error while TTS:1
2023-12-19 08:44:16.518 | ERROR    | scripts.pipeline_class:start:131 - Error while running pipeline:1
2023-12-19 08:44:16.518 | ERROR    | scripts.pipeline_class:start:131 - Error while running pipeline:1
