2023-12-12 17:56:36.011 | INFO     | scripts.pipeline_class:<module>:27 - Running on darwin
2023-12-12 17:56:36.012 | INFO     | scripts.pipeline_class:process:160 - hindi process started
2023-12-12 17:56:36.012 | INFO     | scripts.pipeline_class:__init__:32 - Class initialized
2023-12-12 17:56:36.013 | INFO     | scripts.pipeline_class:__init__:37 - Device: cpu
2023-12-12 17:56:36.013 | INFO     | scripts.pipeline_class:start:141 - Starting Pipeline
2023-12-12 17:56:36.013 | INFO     | scripts.pipeline_class:transcibe:42 - Starting Transcription
2023-12-12 17:56:38.830 | INFO     | scripts.pipeline_class:transcibe:50 - Transciption Done
2023-12-12 17:56:38.842 | INFO     | scripts.pipeline_class:translated_sub:92 - Creating Subtitles
2023-12-12 17:56:38.843 | INFO     | scripts.pipeline_class:translated_sub:97 - Reaching out to translator function...
2023-12-12 17:56:56.813 | INFO     | scripts.pipeline_class:translate:66 - Translating in hi_IN
2023-12-12 17:57:00.227 | INFO     | scripts.pipeline_class:translate:74 - Translation Done
2023-12-12 17:57:19.018 | INFO     | scripts.pipeline_class:translate:66 - Translating in hi_IN
2023-12-12 17:57:19.713 | INFO     | scripts.pipeline_class:translate:74 - Translation Done
2023-12-12 17:57:37.258 | INFO     | scripts.pipeline_class:translate:66 - Translating in hi_IN
2023-12-12 17:57:40.432 | INFO     | scripts.pipeline_class:translate:74 - Translation Done
2023-12-12 17:57:57.577 | INFO     | scripts.pipeline_class:translate:66 - Translating in hi_IN
2023-12-12 17:57:58.247 | INFO     | scripts.pipeline_class:translate:74 - Translation Done
2023-12-12 17:58:15.103 | INFO     | scripts.pipeline_class:translate:66 - Translating in hi_IN
2023-12-12 17:58:17.758 | INFO     | scripts.pipeline_class:translate:74 - Translation Done
2023-12-12 17:58:17.945 | INFO     | scripts.pipeline_class:translated_sub:111 - Translated.
2023-12-12 17:58:17.945 | INFO     | scripts.pipeline_class:translated_sub:112 - Subtitles are created
2023-12-12 17:58:17.945 | INFO     | scripts.pipeline_class:tts:119 - Starting Text to Speech
2023-12-12 18:07:00.674 | INFO     | scripts.pipeline_class:tts:133 - Text to Speech done
2023-12-12 18:07:01.436 | INFO     | scripts.pipeline_class:start:153 - Pipeline Done
2023-12-12 18:07:01.437 | INFO     | scripts.pipeline_class:process:162 - hindi process completed
