2023-12-13 03:03:20.037 | INFO     | __main__:<module>:25 - Running on win32
2023-12-13 03:03:20.037 | INFO     | __main__:process:174 - hindi process started
2023-12-13 03:03:20.037 | INFO     | __main__:__init__:30 - Class initialized
2023-12-13 03:03:20.037 | INFO     | __main__:__init__:35 - Device: cpu
2023-12-13 03:03:20.037 | INFO     | __main__:start:155 - Starting Pipeline
2023-12-13 03:03:20.037 | INFO     | __main__:transcibe:50 - Starting Transcription
2023-12-13 03:03:49.407 | INFO     | __main__:transcibe:59 - Transciption Done
2023-12-13 03:03:59.453 | INFO     | __main__:translated_sub:106 - Creating Subtitles
2023-12-13 03:03:59.453 | INFO     | __main__:translated_sub:111 - Reaching out to translator function...
2023-12-13 03:04:12.960 | INFO     | __main__:translate:89 - Translating in hi_IN
2023-12-13 03:04:23.160 | INFO     | __main__:translate:97 - Translation Done
2023-12-13 03:04:36.969 | INFO     | __main__:translate:89 - Translating in hi_IN
2023-12-13 03:04:46.320 | INFO     | __main__:translate:97 - Translation Done
2023-12-13 03:04:58.761 | INFO     | __main__:translate:89 - Translating in hi_IN
2023-12-13 03:05:07.209 | INFO     | __main__:translate:97 - Translation Done
2023-12-13 03:05:07.530 | INFO     | __main__:translated_sub:125 - Translated.
2023-12-13 03:05:07.530 | INFO     | __main__:translated_sub:126 - Subtitles are created
2023-12-13 03:05:07.530 | INFO     | __main__:tts:133 - Starting Text to Speech
2023-12-13 03:05:16.342 | ERROR    | __main__:tts:150 - Error while TTS:[Errno 2] No such file or directory: 'E:/Vaani-ML/data/audio/input_hi.wav'
2023-12-13 03:05:16.342 | ERROR    | __main__:start:169 - Error while running pipeline:1
