2023-12-19 01:22:03.499 | INFO     | scripts.pipeline_class:<module>:28 - Running on win32
2023-12-19 01:22:03.499 | INFO     | scripts.pipeline_ai:<module>:27 - Running on win32
2023-12-19 01:22:03.499 | INFO     | scripts.pipeline_ai:<module>:27 - Running on win32
2023-12-19 01:22:03.507 | INFO     | scripts.pipeline_ai:process:201 - hindi process started
2023-12-19 01:22:03.507 | INFO     | scripts.pipeline_ai:process:201 - hindi process started
2023-12-19 01:22:03.507 | INFO     | scripts.pipeline_ai:__init__:32 - Class initialized
2023-12-19 01:22:03.507 | INFO     | scripts.pipeline_ai:__init__:32 - Class initialized
2023-12-19 01:22:03.508 | INFO     | scripts.pipeline_ai:__init__:38 - Device: cpu
2023-12-19 01:22:03.508 | INFO     | scripts.pipeline_ai:__init__:38 - Device: cpu
2023-12-19 01:22:03.509 | INFO     | scripts.pipeline_ai:start:128 - Starting Pipeline
2023-12-19 01:22:03.509 | INFO     | scripts.pipeline_ai:start:128 - Starting Pipeline
2023-12-19 01:22:03.511 | INFO     | scripts.pipeline_ai:translated_sub:70 - Creating Subtitles
2023-12-19 01:22:03.511 | INFO     | scripts.pipeline_ai:translated_sub:70 - Creating Subtitles
2023-12-19 01:22:03.512 | INFO     | scripts.pipeline_ai:translated_sub:75 - Reaching out to translator function...
2023-12-19 01:22:03.512 | INFO     | scripts.pipeline_ai:translated_sub:75 - Reaching out to translator function...
2023-12-19 01:22:15.574 | INFO     | scripts.pipeline_ai:translate:53 - Translating in hin_Deva
2023-12-19 01:22:15.574 | INFO     | scripts.pipeline_ai:translate:53 - Translating in hin_Deva
2023-12-19 01:22:15.576 | ERROR    | scripts.pipeline_ai:translate:64 - Error while translating text:'hin_Deva'
2023-12-19 01:22:15.576 | ERROR    | scripts.pipeline_ai:translate:64 - Error while translating text:'hin_Deva'
2023-12-19 01:22:15.576 | ERROR    | scripts.pipeline_ai:translated_sub:92 - Error while translating subtitles:1
2023-12-19 01:22:15.576 | ERROR    | scripts.pipeline_ai:translated_sub:92 - Error while translating subtitles:1
2023-12-19 01:22:15.576 | ERROR    | scripts.pipeline_ai:start:142 - Error while running pipeline:1
2023-12-19 01:22:15.576 | ERROR    | scripts.pipeline_ai:start:142 - Error while running pipeline:1
