2023-12-13 15:36:25.468 | INFO     | scripts.pipeline_class:<module>:26 - Running on darwin
2023-12-13 15:36:25.469 | INFO     | scripts.pipeline_class:process:160 - hindi process started
2023-12-13 15:36:25.469 | INFO     | scripts.pipeline_class:__init__:31 - Class initialized
2023-12-13 15:36:25.469 | INFO     | scripts.pipeline_class:__init__:37 - Device: cpu
2023-12-13 15:36:25.469 | INFO     | scripts.pipeline_class:start:141 - Starting Pipeline
2023-12-13 15:36:25.469 | INFO     | scripts.pipeline_class:transcibe:42 - Starting Transcription
2023-12-13 15:36:28.202 | INFO     | scripts.pipeline_class:transcibe:50 - Transciption Done
2023-12-13 15:36:28.212 | INFO     | scripts.pipeline_class:translated_sub:92 - Creating Subtitles
2023-12-13 15:36:28.212 | INFO     | scripts.pipeline_class:translated_sub:97 - Reaching out to translator function...
2023-12-13 15:36:46.744 | INFO     | scripts.pipeline_class:translate:66 - Translating in hi_IN
2023-12-13 15:36:50.159 | INFO     | scripts.pipeline_class:translate:74 - Translation Done
2023-12-13 15:37:06.923 | INFO     | scripts.pipeline_class:translate:66 - Translating in hi_IN
2023-12-13 15:37:07.595 | INFO     | scripts.pipeline_class:translate:74 - Translation Done
2023-12-13 15:37:25.044 | INFO     | scripts.pipeline_class:translate:66 - Translating in hi_IN
2023-12-13 15:37:27.741 | INFO     | scripts.pipeline_class:translate:74 - Translation Done
2023-12-13 15:37:44.126 | INFO     | scripts.pipeline_class:translate:66 - Translating in hi_IN
2023-12-13 15:37:44.951 | INFO     | scripts.pipeline_class:translate:74 - Translation Done
2023-12-13 15:38:02.159 | INFO     | scripts.pipeline_class:translate:66 - Translating in hi_IN
2023-12-13 15:38:05.040 | INFO     | scripts.pipeline_class:translate:74 - Translation Done
2023-12-13 15:38:05.231 | INFO     | scripts.pipeline_class:translated_sub:111 - Translated.
2023-12-13 15:38:05.231 | INFO     | scripts.pipeline_class:translated_sub:112 - Subtitles are created
2023-12-13 15:38:05.231 | INFO     | scripts.pipeline_class:tts:119 - Starting Text to Speech
2023-12-13 15:39:18.955 | INFO     | scripts.pipeline_class:tts:133 - Text to Speech done
2023-12-13 15:39:19.980 | INFO     | scripts.pipeline_class:start:153 - Pipeline Done
2023-12-13 15:39:19.980 | INFO     | scripts.pipeline_class:process:162 - hindi process completed
