2023-12-19 10:31:36.191 | INFO     | scripts.pipeline_class:<module>:28 - Running on win32
2023-12-19 10:31:36.191 | INFO     | scripts.pipeline_ai:<module>:29 - Running on win32
2023-12-19 10:31:36.191 | INFO     | scripts.pipeline_ai:<module>:29 - Running on win32
2023-12-19 10:31:36.191 | INFO     | scripts.pipeline_class:process:190 - assamese process started
2023-12-19 10:31:36.191 | INFO     | scripts.pipeline_class:process:190 - assamese process started
2023-12-19 10:31:36.191 | INFO     | scripts.pipeline_class:__init__:33 - Class initialized
2023-12-19 10:31:36.191 | INFO     | scripts.pipeline_class:__init__:33 - Class initialized
2023-12-19 10:31:36.191 | INFO     | scripts.pipeline_class:__init__:39 - Device: cpu
2023-12-19 10:31:36.191 | INFO     | scripts.pipeline_class:__init__:39 - Device: cpu
2023-12-19 10:31:36.191 | INFO     | scripts.pipeline_class:start:117 - Starting Pipeline
2023-12-19 10:31:36.191 | INFO     | scripts.pipeline_class:start:117 - Starting Pipeline
2023-12-19 10:31:36.191 | INFO     | scripts.pipeline_class:translated_sub:68 - Creating Subtitles
2023-12-19 10:31:36.191 | INFO     | scripts.pipeline_class:translated_sub:68 - Creating Subtitles
2023-12-19 10:31:36.191 | INFO     | scripts.pipeline_class:translated_sub:73 - Reaching out to translator function...
2023-12-19 10:31:36.191 | INFO     | scripts.pipeline_class:translated_sub:73 - Reaching out to translator function...
2023-12-19 10:31:44.693 | INFO     | scripts.pipeline_class:translate:52 - Translating in asm_Beng
2023-12-19 10:31:44.693 | INFO     | scripts.pipeline_class:translate:52 - Translating in asm_Beng
2023-12-19 10:31:48.157 | INFO     | scripts.pipeline_class:translate:59 - Translation Done
2023-12-19 10:31:48.157 | INFO     | scripts.pipeline_class:translate:59 - Translation Done
2023-12-19 10:31:54.459 | INFO     | scripts.pipeline_class:translate:52 - Translating in asm_Beng
2023-12-19 10:31:54.459 | INFO     | scripts.pipeline_class:translate:52 - Translating in asm_Beng
2023-12-19 10:31:57.207 | INFO     | scripts.pipeline_class:translate:59 - Translation Done
2023-12-19 10:31:57.207 | INFO     | scripts.pipeline_class:translate:59 - Translation Done
2023-12-19 10:32:04.036 | INFO     | scripts.pipeline_class:translate:52 - Translating in asm_Beng
2023-12-19 10:32:04.036 | INFO     | scripts.pipeline_class:translate:52 - Translating in asm_Beng
2023-12-19 10:32:07.373 | INFO     | scripts.pipeline_class:translate:59 - Translation Done
2023-12-19 10:32:07.373 | INFO     | scripts.pipeline_class:translate:59 - Translation Done
2023-12-19 10:32:07.479 | INFO     | scripts.pipeline_class:translated_sub:87 - Translated.
2023-12-19 10:32:07.479 | INFO     | scripts.pipeline_class:translated_sub:87 - Translated.
2023-12-19 10:32:07.480 | INFO     | scripts.pipeline_class:translated_sub:88 - Subtitles are created
2023-12-19 10:32:07.480 | INFO     | scripts.pipeline_class:translated_sub:88 - Subtitles are created
2023-12-19 10:32:07.480 | INFO     | scripts.pipeline_class:tts:95 - Starting Text to Speech
2023-12-19 10:32:07.480 | INFO     | scripts.pipeline_class:tts:95 - Starting Text to Speech
