2023-12-03 18:07:50.885 | INFO     | scripts.pipeline_class:<module>:26 - Running on darwin
2023-12-03 18:07:50.886 | INFO     | scripts.pipeline_class:process:159 - hindi process started
2023-12-03 18:07:50.886 | INFO     | scripts.pipeline_class:__init__:31 - Class initialized
2023-12-03 18:07:50.886 | INFO     | scripts.pipeline_class:__init__:36 - Device: cpu
2023-12-03 18:07:50.887 | INFO     | scripts.pipeline_class:start:140 - Starting Pipeline
2023-12-03 18:07:50.887 | INFO     | scripts.pipeline_class:transcibe:41 - Starting Transcription
2023-12-03 18:07:54.123 | INFO     | scripts.pipeline_class:transcibe:49 - Transciption Done
2023-12-03 18:07:54.136 | INFO     | scripts.pipeline_class:translated_sub:91 - Creating Subtitles
2023-12-03 18:07:54.136 | INFO     | scripts.pipeline_class:translated_sub:96 - Reaching out to translator function...
2023-12-03 18:08:18.175 | INFO     | scripts.pipeline_class:translate:65 - Translating in hi_IN
2023-12-03 18:08:22.926 | INFO     | scripts.pipeline_class:translate:73 - Translation Done
2023-12-03 18:08:45.000 | INFO     | scripts.pipeline_class:translate:65 - Translating in hi_IN
2023-12-03 18:08:45.767 | INFO     | scripts.pipeline_class:translate:73 - Translation Done
2023-12-03 18:09:07.455 | INFO     | scripts.pipeline_class:translate:65 - Translating in hi_IN
2023-12-03 18:09:10.511 | INFO     | scripts.pipeline_class:translate:73 - Translation Done
2023-12-03 18:09:31.423 | INFO     | scripts.pipeline_class:translate:65 - Translating in hi_IN
2023-12-03 18:09:32.144 | INFO     | scripts.pipeline_class:translate:73 - Translation Done
2023-12-03 18:09:53.544 | INFO     | scripts.pipeline_class:translate:65 - Translating in hi_IN
2023-12-03 18:09:56.547 | INFO     | scripts.pipeline_class:translate:73 - Translation Done
2023-12-03 18:09:56.774 | INFO     | scripts.pipeline_class:translated_sub:110 - Translated.
2023-12-03 18:09:56.774 | INFO     | scripts.pipeline_class:translated_sub:111 - Subtitles are created
2023-12-03 18:09:56.774 | INFO     | scripts.pipeline_class:tts:118 - Starting Text to Speech
2023-12-03 18:10:02.100 | INFO     | scripts.pipeline_class:tts:132 - Text to Speech done
2023-12-03 18:10:02.103 | INFO     | scripts.pipeline_class:start:152 - Pipeline Done
2023-12-03 18:10:02.103 | INFO     | scripts.pipeline_class:process:161 - hindi process completed
