2023-12-12 18:12:49.699 | INFO     | scripts.pipeline_class:<module>:27 - Running on darwin
2023-12-12 18:12:49.700 | INFO     | scripts.pipeline_class:process:160 - bengali process started
2023-12-12 18:12:49.700 | INFO     | scripts.pipeline_class:__init__:32 - Class initialized
2023-12-12 18:12:49.700 | INFO     | scripts.pipeline_class:__init__:37 - Device: cpu
2023-12-12 18:12:49.700 | INFO     | scripts.pipeline_class:start:141 - Starting Pipeline
2023-12-12 18:12:49.700 | INFO     | scripts.pipeline_class:transcibe:42 - Starting Transcription
2023-12-12 18:12:52.795 | INFO     | scripts.pipeline_class:transcibe:50 - Transciption Done
2023-12-12 18:12:52.807 | INFO     | scripts.pipeline_class:translated_sub:92 - Creating Subtitles
2023-12-12 18:12:52.807 | INFO     | scripts.pipeline_class:translated_sub:97 - Reaching out to translator function...
2023-12-12 18:13:14.150 | INFO     | scripts.pipeline_class:translate:66 - Translating in bn_IN
2023-12-12 18:13:21.399 | INFO     | scripts.pipeline_class:translate:74 - Translation Done
2023-12-12 18:13:40.153 | INFO     | scripts.pipeline_class:translate:66 - Translating in bn_IN
2023-12-12 18:13:41.103 | INFO     | scripts.pipeline_class:translate:74 - Translation Done
2023-12-12 18:13:59.712 | INFO     | scripts.pipeline_class:translate:66 - Translating in bn_IN
2023-12-12 18:14:04.980 | INFO     | scripts.pipeline_class:translate:74 - Translation Done
2023-12-12 18:14:25.080 | INFO     | scripts.pipeline_class:translate:66 - Translating in bn_IN
2023-12-12 18:14:25.736 | INFO     | scripts.pipeline_class:translate:74 - Translation Done
2023-12-12 18:14:44.162 | INFO     | scripts.pipeline_class:translate:66 - Translating in bn_IN
2023-12-12 18:14:49.535 | INFO     | scripts.pipeline_class:translate:74 - Translation Done
2023-12-12 18:14:49.732 | INFO     | scripts.pipeline_class:translated_sub:111 - Translated.
2023-12-12 18:14:49.732 | INFO     | scripts.pipeline_class:translated_sub:112 - Subtitles are created
2023-12-12 18:14:49.732 | INFO     | scripts.pipeline_class:tts:119 - Starting Text to Speech
2023-12-12 18:17:32.867 | INFO     | scripts.pipeline_class:tts:133 - Text to Speech done
2023-12-12 18:17:33.465 | INFO     | scripts.pipeline_class:start:153 - Pipeline Done
2023-12-12 18:17:33.465 | INFO     | scripts.pipeline_class:process:162 - bengali process completed
