2023-12-19 16:59:00.053 | INFO     | scripts.pipeline_class:<module>:28 - Running on darwin
2023-12-19 16:59:00.056 | INFO     | scripts.pipeline_ai:<module>:29 - Running on darwin
2023-12-19 16:59:00.057 | INFO     | scripts.pipeline_class:process:190 - hindi process started
2023-12-19 16:59:00.057 | INFO     | scripts.pipeline_class:__init__:33 - Class initialized
2023-12-19 16:59:00.057 | INFO     | scripts.pipeline_class:__init__:39 - Device: cpu
2023-12-19 16:59:00.057 | INFO     | scripts.pipeline_class:start:117 - Starting Pipeline
2023-12-19 16:59:00.058 | INFO     | scripts.pipeline_class:translated_sub:68 - Creating Subtitles
2023-12-19 16:59:00.058 | INFO     | scripts.pipeline_class:translated_sub:73 - Reaching out to translator function...
2023-12-19 16:59:14.142 | INFO     | scripts.pipeline_class:translate:52 - Translating in hin_Deva
2023-12-19 16:59:16.168 | INFO     | scripts.pipeline_class:translate:59 - Translation Done
2023-12-19 16:59:28.475 | INFO     | scripts.pipeline_class:translate:52 - Translating in hin_Deva
2023-12-19 16:59:29.838 | INFO     | scripts.pipeline_class:translate:59 - Translation Done
2023-12-19 16:59:42.563 | INFO     | scripts.pipeline_class:translate:52 - Translating in hin_Deva
2023-12-19 16:59:44.261 | INFO     | scripts.pipeline_class:translate:59 - Translation Done
2023-12-19 16:59:44.336 | INFO     | scripts.pipeline_class:translated_sub:87 - Translated.
2023-12-19 16:59:44.336 | INFO     | scripts.pipeline_class:translated_sub:88 - Subtitles are created
2023-12-19 16:59:44.336 | INFO     | scripts.pipeline_class:tts:95 - Starting Text to Speech
2023-12-19 17:00:44.325 | INFO     | scripts.pipeline_class:tts:109 - Text to Speech done
2023-12-19 17:00:44.799 | INFO     | scripts.pipeline_class:start:129 - Pipeline Done
2023-12-19 17:00:44.799 | INFO     | scripts.pipeline_class:process:192 - hindi process completed
