2023-12-02 17:01:43.118 | INFO     | scripts.pipeline_class:<module>:23 - Running on darwin
2023-12-02 17:01:43.119 | INFO     | scripts.pipeline_class:process:156 - hindi process started
2023-12-02 17:01:43.119 | INFO     | scripts.pipeline_class:__init__:28 - Class initialized
2023-12-02 17:01:43.119 | INFO     | scripts.pipeline_class:__init__:33 - Device: cpu
2023-12-02 17:01:43.119 | INFO     | scripts.pipeline_class:start:137 - Starting Pipeline
2023-12-02 17:01:43.120 | INFO     | scripts.pipeline_class:transcibe:38 - Starting Transcription
2023-12-02 17:01:46.318 | INFO     | scripts.pipeline_class:transcibe:46 - Transciption Done
2023-12-02 17:01:46.329 | INFO     | scripts.pipeline_class:translated_sub:88 - Creating Subtitles
2023-12-02 17:01:46.329 | INFO     | scripts.pipeline_class:translated_sub:93 - Reaching out to translator function...
2023-12-02 17:02:09.460 | INFO     | scripts.pipeline_class:translate:62 - Translating in hi_IN
2023-12-02 17:02:14.239 | INFO     | scripts.pipeline_class:translate:70 - Translation Done
2023-12-02 17:02:36.846 | INFO     | scripts.pipeline_class:translate:62 - Translating in hi_IN
2023-12-02 17:02:37.583 | INFO     | scripts.pipeline_class:translate:70 - Translation Done
2023-12-02 17:02:58.669 | INFO     | scripts.pipeline_class:translate:62 - Translating in hi_IN
2023-12-02 17:03:01.943 | INFO     | scripts.pipeline_class:translate:70 - Translation Done
2023-12-02 17:03:22.866 | INFO     | scripts.pipeline_class:translate:62 - Translating in hi_IN
2023-12-02 17:03:23.541 | INFO     | scripts.pipeline_class:translate:70 - Translation Done
2023-12-02 17:03:44.641 | INFO     | scripts.pipeline_class:translate:62 - Translating in hi_IN
2023-12-02 17:03:47.842 | INFO     | scripts.pipeline_class:translate:70 - Translation Done
2023-12-02 17:03:48.044 | INFO     | scripts.pipeline_class:translated_sub:107 - Translated.
2023-12-02 17:03:48.044 | INFO     | scripts.pipeline_class:translated_sub:108 - Subtitles are created
2023-12-02 17:03:48.044 | INFO     | scripts.pipeline_class:tts:115 - Starting Text to Speech
2023-12-02 17:03:53.666 | INFO     | scripts.pipeline_class:tts:129 - Text to Speech done
2023-12-02 17:03:53.672 | INFO     | scripts.pipeline_class:start:149 - Pipeline Done
2023-12-02 17:03:53.672 | INFO     | scripts.pipeline_class:process:158 - hindi process completed
