2023-12-19 11:31:50.735 | INFO     | scripts.pipeline_class:<module>:28 - Running on darwin
2023-12-19 11:31:50.742 | INFO     | scripts.pipeline_ai:<module>:29 - Running on darwin
2023-12-19 11:31:50.743 | INFO     | scripts.pipeline_class:process:190 - hindi process started
2023-12-19 11:31:50.743 | INFO     | scripts.pipeline_class:__init__:33 - Class initialized
2023-12-19 11:31:50.743 | INFO     | scripts.pipeline_class:__init__:39 - Device: cpu
2023-12-19 11:31:50.743 | INFO     | scripts.pipeline_class:start:117 - Starting Pipeline
2023-12-19 11:31:50.743 | INFO     | scripts.pipeline_class:translated_sub:68 - Creating Subtitles
2023-12-19 11:31:50.743 | INFO     | scripts.pipeline_class:translated_sub:73 - Reaching out to translator function...
2023-12-19 11:32:05.108 | INFO     | scripts.pipeline_class:translate:52 - Translating in hin_Deva
2023-12-19 11:32:07.114 | INFO     | scripts.pipeline_class:translate:59 - Translation Done
2023-12-19 11:32:20.023 | INFO     | scripts.pipeline_class:translate:52 - Translating in hin_Deva
2023-12-19 11:32:21.367 | INFO     | scripts.pipeline_class:translate:59 - Translation Done
2023-12-19 11:32:34.211 | INFO     | scripts.pipeline_class:translate:52 - Translating in hin_Deva
2023-12-19 11:32:35.952 | INFO     | scripts.pipeline_class:translate:59 - Translation Done
2023-12-19 11:32:36.024 | INFO     | scripts.pipeline_class:translated_sub:87 - Translated.
2023-12-19 11:32:36.024 | INFO     | scripts.pipeline_class:translated_sub:88 - Subtitles are created
2023-12-19 11:32:36.025 | INFO     | scripts.pipeline_class:tts:95 - Starting Text to Speech
2023-12-19 11:33:33.562 | INFO     | scripts.pipeline_class:tts:109 - Text to Speech done
2023-12-19 11:33:34.021 | INFO     | scripts.pipeline_class:start:129 - Pipeline Done
2023-12-19 11:33:34.022 | INFO     | scripts.pipeline_class:process:192 - hindi process completed
