2023-12-19 15:17:09.935 | INFO     | scripts.pipeline_class:<module>:28 - Running on darwin
2023-12-19 15:17:09.937 | INFO     | scripts.pipeline_ai:<module>:29 - Running on darwin
2023-12-19 15:17:09.938 | INFO     | scripts.pipeline_class:process:190 - hindi process started
2023-12-19 15:17:09.938 | INFO     | scripts.pipeline_class:__init__:33 - Class initialized
2023-12-19 15:17:09.938 | INFO     | scripts.pipeline_class:__init__:39 - Device: cpu
2023-12-19 15:17:09.938 | INFO     | scripts.pipeline_class:start:117 - Starting Pipeline
2023-12-19 15:17:09.938 | INFO     | scripts.pipeline_class:translated_sub:68 - Creating Subtitles
2023-12-19 15:17:09.938 | INFO     | scripts.pipeline_class:translated_sub:73 - Reaching out to translator function...
2023-12-19 15:17:23.767 | INFO     | scripts.pipeline_class:translate:52 - Translating in hin_Deva
2023-12-19 15:17:25.141 | INFO     | scripts.pipeline_class:translate:59 - Translation Done
2023-12-19 15:17:38.680 | INFO     | scripts.pipeline_class:translate:52 - Translating in hin_Deva
2023-12-19 15:17:39.900 | INFO     | scripts.pipeline_class:translate:59 - Translation Done
2023-12-19 15:17:52.891 | INFO     | scripts.pipeline_class:translate:52 - Translating in hin_Deva
2023-12-19 15:17:53.792 | INFO     | scripts.pipeline_class:translate:59 - Translation Done
2023-12-19 15:18:06.510 | INFO     | scripts.pipeline_class:translate:52 - Translating in hin_Deva
2023-12-19 15:18:07.993 | INFO     | scripts.pipeline_class:translate:59 - Translation Done
2023-12-19 15:18:20.225 | INFO     | scripts.pipeline_class:translate:52 - Translating in hin_Deva
2023-12-19 15:18:21.417 | INFO     | scripts.pipeline_class:translate:59 - Translation Done
2023-12-19 15:18:34.198 | INFO     | scripts.pipeline_class:translate:52 - Translating in hin_Deva
2023-12-19 15:18:35.339 | INFO     | scripts.pipeline_class:translate:59 - Translation Done
2023-12-19 15:18:47.432 | INFO     | scripts.pipeline_class:translate:52 - Translating in hin_Deva
2023-12-19 15:18:49.201 | INFO     | scripts.pipeline_class:translate:59 - Translation Done
2023-12-19 15:19:01.143 | INFO     | scripts.pipeline_class:translate:52 - Translating in hin_Deva
2023-12-19 15:19:02.662 | INFO     | scripts.pipeline_class:translate:59 - Translation Done
2023-12-19 15:19:15.373 | INFO     | scripts.pipeline_class:translate:52 - Translating in hin_Deva
2023-12-19 15:19:16.250 | INFO     | scripts.pipeline_class:translate:59 - Translation Done
2023-12-19 15:19:28.630 | INFO     | scripts.pipeline_class:translate:52 - Translating in hin_Deva
2023-12-19 15:19:29.881 | INFO     | scripts.pipeline_class:translate:59 - Translation Done
2023-12-19 15:19:42.420 | INFO     | scripts.pipeline_class:translate:52 - Translating in hin_Deva
2023-12-19 15:19:43.366 | INFO     | scripts.pipeline_class:translate:59 - Translation Done
2023-12-19 15:19:56.130 | INFO     | scripts.pipeline_class:translate:52 - Translating in hin_Deva
2023-12-19 15:19:57.728 | INFO     | scripts.pipeline_class:translate:59 - Translation Done
2023-12-19 15:20:10.265 | INFO     | scripts.pipeline_class:translate:52 - Translating in hin_Deva
2023-12-19 15:20:11.246 | INFO     | scripts.pipeline_class:translate:59 - Translation Done
2023-12-19 15:20:23.750 | INFO     | scripts.pipeline_class:translate:52 - Translating in hin_Deva
2023-12-19 15:20:25.625 | INFO     | scripts.pipeline_class:translate:59 - Translation Done
2023-12-19 15:20:38.310 | INFO     | scripts.pipeline_class:translate:52 - Translating in hin_Deva
2023-12-19 15:20:39.210 | INFO     | scripts.pipeline_class:translate:59 - Translation Done
2023-12-19 15:20:51.302 | INFO     | scripts.pipeline_class:translate:52 - Translating in hin_Deva
2023-12-19 15:20:53.036 | INFO     | scripts.pipeline_class:translate:59 - Translation Done
2023-12-19 15:21:05.343 | INFO     | scripts.pipeline_class:translate:52 - Translating in hin_Deva
2023-12-19 15:21:06.361 | INFO     | scripts.pipeline_class:translate:59 - Translation Done
2023-12-19 15:21:18.704 | INFO     | scripts.pipeline_class:translate:52 - Translating in hin_Deva
2023-12-19 15:21:20.363 | INFO     | scripts.pipeline_class:translate:59 - Translation Done
2023-12-19 15:21:33.094 | INFO     | scripts.pipeline_class:translate:52 - Translating in hin_Deva
2023-12-19 15:21:34.653 | INFO     | scripts.pipeline_class:translate:59 - Translation Done
2023-12-19 15:21:48.159 | INFO     | scripts.pipeline_class:translate:52 - Translating in hin_Deva
2023-12-19 15:21:49.262 | INFO     | scripts.pipeline_class:translate:59 - Translation Done
2023-12-19 15:22:01.447 | INFO     | scripts.pipeline_class:translate:52 - Translating in hin_Deva
2023-12-19 15:22:03.029 | INFO     | scripts.pipeline_class:translate:59 - Translation Done
2023-12-19 15:22:16.142 | INFO     | scripts.pipeline_class:translate:52 - Translating in hin_Deva
2023-12-19 15:22:17.006 | INFO     | scripts.pipeline_class:translate:59 - Translation Done
2023-12-19 15:22:17.065 | INFO     | scripts.pipeline_class:translated_sub:87 - Translated.
2023-12-19 15:22:17.066 | INFO     | scripts.pipeline_class:translated_sub:88 - Subtitles are created
2023-12-19 15:22:17.066 | INFO     | scripts.pipeline_class:tts:95 - Starting Text to Speech
2023-12-19 15:23:28.865 | INFO     | scripts.pipeline_class:tts:109 - Text to Speech done
2023-12-19 15:23:29.333 | INFO     | scripts.pipeline_class:start:129 - Pipeline Done
2023-12-19 15:23:29.333 | INFO     | scripts.pipeline_class:process:192 - hindi process completed
