2023-12-12 18:52:10.773 | INFO     | scripts.pipeline_class:<module>:27 - Running on darwin
2023-12-12 18:52:10.774 | INFO     | scripts.pipeline_class:process:161 - hindi process started
2023-12-12 18:52:10.774 | INFO     | scripts.pipeline_class:__init__:32 - Class initialized
2023-12-12 18:52:10.774 | INFO     | scripts.pipeline_class:__init__:38 - Device: cpu
2023-12-12 18:52:10.774 | INFO     | scripts.pipeline_class:start:142 - Starting Pipeline
2023-12-12 18:52:10.775 | INFO     | scripts.pipeline_class:transcibe:43 - Starting Transcription
2023-12-12 18:52:13.573 | INFO     | scripts.pipeline_class:transcibe:51 - Transciption Done
2023-12-12 18:52:13.583 | INFO     | scripts.pipeline_class:translated_sub:93 - Creating Subtitles
2023-12-12 18:52:13.583 | INFO     | scripts.pipeline_class:translated_sub:98 - Reaching out to translator function...
2023-12-12 18:52:33.540 | INFO     | scripts.pipeline_class:translate:67 - Translating in hi_IN
2023-12-12 18:52:37.014 | INFO     | scripts.pipeline_class:translate:75 - Translation Done
2023-12-12 18:52:54.875 | INFO     | scripts.pipeline_class:translate:67 - Translating in hi_IN
2023-12-12 18:52:55.579 | INFO     | scripts.pipeline_class:translate:75 - Translation Done
2023-12-12 18:53:12.919 | INFO     | scripts.pipeline_class:translate:67 - Translating in hi_IN
2023-12-12 18:53:15.642 | INFO     | scripts.pipeline_class:translate:75 - Translation Done
2023-12-12 18:53:32.747 | INFO     | scripts.pipeline_class:translate:67 - Translating in hi_IN
2023-12-12 18:53:33.499 | INFO     | scripts.pipeline_class:translate:75 - Translation Done
2023-12-12 18:53:50.548 | INFO     | scripts.pipeline_class:translate:67 - Translating in hi_IN
2023-12-12 18:53:53.281 | INFO     | scripts.pipeline_class:translate:75 - Translation Done
2023-12-12 18:53:53.461 | INFO     | scripts.pipeline_class:translated_sub:112 - Translated.
2023-12-12 18:53:53.461 | INFO     | scripts.pipeline_class:translated_sub:113 - Subtitles are created
2023-12-12 18:53:53.461 | INFO     | scripts.pipeline_class:tts:120 - Starting Text to Speech
2023-12-12 18:54:53.860 | ERROR    | scripts.pipeline_class:tts:137 - Error while TTS:The following `model_kwargs` are not used by the model: ['spkr_id'] (note: typos in the generate arguments will also show up in this list)
2023-12-12 18:54:53.860 | ERROR    | scripts.pipeline_class:start:156 - Error while running pipeline:1
