2023-12-20 02:48:36.488 | INFO     | scripts.pipeline_ai:<module>:29 - Running on darwin
2023-12-20 02:48:36.494 | INFO     | scripts.pipeline_class:process:190 - hindi process started
2023-12-20 02:48:36.494 | INFO     | scripts.pipeline_class:__init__:33 - Class initialized
2023-12-20 02:48:36.494 | INFO     | scripts.pipeline_class:__init__:39 - Device: cpu
2023-12-20 02:48:36.494 | INFO     | scripts.pipeline_class:start:117 - Starting Pipeline
2023-12-20 02:48:36.494 | INFO     | scripts.pipeline_class:translated_sub:68 - Creating Subtitles
2023-12-20 02:48:36.494 | INFO     | scripts.pipeline_class:translated_sub:73 - Reaching out to translator function...
2023-12-20 02:48:53.612 | INFO     | scripts.pipeline_class:translate:52 - Translating in hin_Deva
2023-12-20 02:48:54.552 | INFO     | scripts.pipeline_class:translate:59 - Translation Done
2023-12-20 02:49:10.122 | INFO     | scripts.pipeline_class:translate:52 - Translating in hin_Deva
2023-12-20 02:49:11.019 | INFO     | scripts.pipeline_class:translate:59 - Translation Done
2023-12-20 02:49:26.854 | INFO     | scripts.pipeline_class:translate:52 - Translating in hin_Deva
2023-12-20 02:49:28.210 | INFO     | scripts.pipeline_class:translate:59 - Translation Done
2023-12-20 02:49:44.448 | INFO     | scripts.pipeline_class:translate:52 - Translating in hin_Deva
2023-12-20 02:49:45.843 | INFO     | scripts.pipeline_class:translate:59 - Translation Done
2023-12-20 02:50:02.450 | INFO     | scripts.pipeline_class:translate:52 - Translating in hin_Deva
2023-12-20 02:50:02.909 | INFO     | scripts.pipeline_class:translate:59 - Translation Done
2023-12-20 02:50:18.555 | INFO     | scripts.pipeline_class:translate:52 - Translating in hin_Deva
2023-12-20 02:50:19.375 | INFO     | scripts.pipeline_class:translate:59 - Translation Done
2023-12-20 02:50:34.547 | INFO     | scripts.pipeline_class:translate:52 - Translating in hin_Deva
2023-12-20 02:50:35.432 | INFO     | scripts.pipeline_class:translate:59 - Translation Done
2023-12-20 02:50:50.952 | INFO     | scripts.pipeline_class:translate:52 - Translating in hin_Deva
2023-12-20 02:50:51.750 | INFO     | scripts.pipeline_class:translate:59 - Translation Done
2023-12-20 02:51:07.990 | INFO     | scripts.pipeline_class:translate:52 - Translating in hin_Deva
2023-12-20 02:51:08.814 | INFO     | scripts.pipeline_class:translate:59 - Translation Done
2023-12-20 02:51:23.968 | INFO     | scripts.pipeline_class:translate:52 - Translating in hin_Deva
2023-12-20 02:51:24.961 | INFO     | scripts.pipeline_class:translate:59 - Translation Done
2023-12-20 02:51:39.923 | INFO     | scripts.pipeline_class:translate:52 - Translating in hin_Deva
2023-12-20 02:51:40.611 | INFO     | scripts.pipeline_class:translate:59 - Translation Done
2023-12-20 02:51:56.055 | INFO     | scripts.pipeline_class:translate:52 - Translating in hin_Deva
2023-12-20 02:51:57.122 | INFO     | scripts.pipeline_class:translate:59 - Translation Done
2023-12-20 02:52:12.414 | INFO     | scripts.pipeline_class:translate:52 - Translating in hin_Deva
2023-12-20 02:52:13.513 | INFO     | scripts.pipeline_class:translate:59 - Translation Done
2023-12-20 02:52:28.521 | INFO     | scripts.pipeline_class:translate:52 - Translating in hin_Deva
2023-12-20 02:52:29.223 | INFO     | scripts.pipeline_class:translate:59 - Translation Done
2023-12-20 02:52:44.561 | INFO     | scripts.pipeline_class:translate:52 - Translating in hin_Deva
2023-12-20 02:52:45.321 | INFO     | scripts.pipeline_class:translate:59 - Translation Done
2023-12-20 02:53:00.542 | INFO     | scripts.pipeline_class:translate:52 - Translating in hin_Deva
2023-12-20 02:53:02.023 | INFO     | scripts.pipeline_class:translate:59 - Translation Done
2023-12-20 02:53:17.509 | INFO     | scripts.pipeline_class:translate:52 - Translating in hin_Deva
2023-12-20 02:53:18.451 | INFO     | scripts.pipeline_class:translate:59 - Translation Done
2023-12-20 02:53:33.507 | INFO     | scripts.pipeline_class:translate:52 - Translating in hin_Deva
2023-12-20 02:53:34.253 | INFO     | scripts.pipeline_class:translate:59 - Translation Done
2023-12-20 02:53:49.592 | INFO     | scripts.pipeline_class:translate:52 - Translating in hin_Deva
2023-12-20 02:53:50.553 | INFO     | scripts.pipeline_class:translate:59 - Translation Done
2023-12-20 02:54:06.104 | INFO     | scripts.pipeline_class:translate:52 - Translating in hin_Deva
2023-12-20 02:54:06.955 | INFO     | scripts.pipeline_class:translate:59 - Translation Done
2023-12-20 02:54:22.363 | INFO     | scripts.pipeline_class:translate:52 - Translating in hin_Deva
2023-12-20 02:54:23.485 | INFO     | scripts.pipeline_class:translate:59 - Translation Done
2023-12-20 02:54:39.266 | INFO     | scripts.pipeline_class:translate:52 - Translating in hin_Deva
2023-12-20 02:54:40.587 | INFO     | scripts.pipeline_class:translate:59 - Translation Done
2023-12-20 02:54:55.854 | INFO     | scripts.pipeline_class:translate:52 - Translating in hin_Deva
2023-12-20 02:54:56.485 | INFO     | scripts.pipeline_class:translate:59 - Translation Done
2023-12-20 02:55:11.999 | INFO     | scripts.pipeline_class:translate:52 - Translating in hin_Deva
2023-12-20 02:55:12.813 | INFO     | scripts.pipeline_class:translate:59 - Translation Done
2023-12-20 02:55:28.525 | INFO     | scripts.pipeline_class:translate:52 - Translating in hin_Deva
2023-12-20 02:55:29.340 | INFO     | scripts.pipeline_class:translate:59 - Translation Done
2023-12-20 02:55:44.667 | INFO     | scripts.pipeline_class:translate:52 - Translating in hin_Deva
2023-12-20 02:55:45.509 | INFO     | scripts.pipeline_class:translate:59 - Translation Done
2023-12-20 02:56:00.954 | INFO     | scripts.pipeline_class:translate:52 - Translating in hin_Deva
2023-12-20 02:56:01.692 | INFO     | scripts.pipeline_class:translate:59 - Translation Done
2023-12-20 02:56:17.055 | INFO     | scripts.pipeline_class:translate:52 - Translating in hin_Deva
2023-12-20 02:56:18.024 | INFO     | scripts.pipeline_class:translate:59 - Translation Done
2023-12-20 02:56:18.092 | INFO     | scripts.pipeline_class:translated_sub:87 - Translated.
2023-12-20 02:56:18.092 | INFO     | scripts.pipeline_class:translated_sub:88 - Subtitles are created
2023-12-20 02:56:18.092 | INFO     | scripts.pipeline_class:tts:95 - Starting Text to Speech
2023-12-20 02:57:52.379 | INFO     | scripts.pipeline_class:tts:109 - Text to Speech done
2023-12-20 02:57:53.453 | INFO     | scripts.pipeline_class:start:129 - Pipeline Done
2023-12-20 02:57:53.453 | INFO     | scripts.pipeline_class:process:192 - hindi process completed
