2023-12-19 09:55:19.373 | INFO     | scripts.pipeline_class:<module>:28 - Running on darwin
2023-12-19 09:55:19.380 | INFO     | scripts.pipeline_ai:<module>:29 - Running on darwin
2023-12-19 09:55:19.381 | INFO     | scripts.pipeline_class:process:190 - hindi process started
2023-12-19 09:55:19.381 | INFO     | scripts.pipeline_class:__init__:33 - Class initialized
2023-12-19 09:55:19.381 | INFO     | scripts.pipeline_class:__init__:39 - Device: cpu
2023-12-19 09:55:19.381 | INFO     | scripts.pipeline_class:start:117 - Starting Pipeline
2023-12-19 09:55:19.381 | INFO     | scripts.pipeline_class:translated_sub:68 - Creating Subtitles
2023-12-19 09:55:19.381 | INFO     | scripts.pipeline_class:translated_sub:73 - Reaching out to translator function...
2023-12-19 09:55:33.136 | INFO     | scripts.pipeline_class:translate:52 - Translating in hin_Deva
2023-12-19 09:55:35.140 | INFO     | scripts.pipeline_class:translate:59 - Translation Done
2023-12-19 09:55:47.885 | INFO     | scripts.pipeline_class:translate:52 - Translating in hin_Deva
2023-12-19 09:55:49.225 | INFO     | scripts.pipeline_class:translate:59 - Translation Done
2023-12-19 09:56:02.168 | INFO     | scripts.pipeline_class:translate:52 - Translating in hin_Deva
2023-12-19 09:56:03.909 | INFO     | scripts.pipeline_class:translate:59 - Translation Done
2023-12-19 09:56:03.973 | INFO     | scripts.pipeline_class:translated_sub:87 - Translated.
2023-12-19 09:56:03.973 | INFO     | scripts.pipeline_class:translated_sub:88 - Subtitles are created
2023-12-19 09:56:03.973 | INFO     | scripts.pipeline_class:tts:95 - Starting Text to Speech
2023-12-19 09:57:01.748 | INFO     | scripts.pipeline_class:tts:109 - Text to Speech done
2023-12-19 09:57:02.219 | INFO     | scripts.pipeline_class:start:129 - Pipeline Done
2023-12-19 09:57:02.219 | INFO     | scripts.pipeline_class:process:192 - hindi process completed
