2023-12-13 18:43:36.065 | INFO     | scripts.pipeline_class:<module>:25 - Running on darwin
2023-12-13 18:43:36.066 | INFO     | scripts.pipeline_class:process:175 - bengali process started
2023-12-13 18:43:36.066 | INFO     | scripts.pipeline_class:__init__:30 - Class initialized
2023-12-13 18:43:36.067 | INFO     | scripts.pipeline_class:__init__:36 - Device: cpu
2023-12-13 18:43:36.067 | INFO     | scripts.pipeline_class:start:156 - Starting Pipeline
2023-12-13 18:43:36.067 | INFO     | scripts.pipeline_class:transcibe:51 - Starting Transcription
2023-12-13 18:43:53.711 | INFO     | scripts.pipeline_class:transcibe:60 - Transciption Done
2023-12-13 18:44:07.121 | INFO     | scripts.pipeline_class:translated_sub:107 - Creating Subtitles
2023-12-13 18:44:07.122 | INFO     | scripts.pipeline_class:translated_sub:112 - Reaching out to translator function...
2023-12-13 18:44:24.435 | INFO     | scripts.pipeline_class:translate:90 - Translating in bn_IN
2023-12-13 18:44:29.554 | INFO     | scripts.pipeline_class:translate:98 - Translation Done
2023-12-13 18:44:46.959 | INFO     | scripts.pipeline_class:translate:90 - Translating in bn_IN
2023-12-13 18:44:51.809 | INFO     | scripts.pipeline_class:translate:98 - Translation Done
2023-12-13 18:45:08.786 | INFO     | scripts.pipeline_class:translate:90 - Translating in bn_IN
2023-12-13 18:45:14.124 | INFO     | scripts.pipeline_class:translate:98 - Translation Done
2023-12-13 18:45:14.358 | INFO     | scripts.pipeline_class:translated_sub:126 - Translated.
2023-12-13 18:45:14.358 | INFO     | scripts.pipeline_class:translated_sub:127 - Subtitles are created
2023-12-13 18:45:14.358 | INFO     | scripts.pipeline_class:tts:134 - Starting Text to Speech
2023-12-13 18:46:23.436 | INFO     | scripts.pipeline_class:tts:148 - Text to Speech done
2023-12-13 18:46:24.032 | INFO     | scripts.pipeline_class:start:168 - Pipeline Done
2023-12-13 18:46:24.032 | INFO     | scripts.pipeline_class:process:177 - bengali process completed
