2023-12-13 17:28:43.048 | INFO     | scripts.pipeline_class:<module>:25 - Running on darwin
2023-12-13 17:28:43.051 | INFO     | scripts.pipeline_class:process:175 - hindi process started
2023-12-13 17:28:43.051 | INFO     | scripts.pipeline_class:__init__:30 - Class initialized
2023-12-13 17:28:43.051 | INFO     | scripts.pipeline_class:__init__:36 - Device: cpu
2023-12-13 17:28:43.051 | INFO     | scripts.pipeline_class:start:156 - Starting Pipeline
2023-12-13 17:28:43.051 | INFO     | scripts.pipeline_class:transcibe:51 - Starting Transcription
2023-12-13 17:31:23.416 | INFO     | scripts.pipeline_class:transcibe:60 - Transciption Done
2023-12-13 17:31:29.289 | INFO     | scripts.pipeline_class:translated_sub:107 - Creating Subtitles
2023-12-13 17:31:29.289 | INFO     | scripts.pipeline_class:translated_sub:112 - Reaching out to translator function...
2023-12-13 17:31:47.376 | INFO     | scripts.pipeline_class:translate:90 - Translating in hi_IN
2023-12-13 17:31:50.530 | INFO     | scripts.pipeline_class:translate:98 - Translation Done
2023-12-13 17:32:08.424 | INFO     | scripts.pipeline_class:translate:90 - Translating in hi_IN
2023-12-13 17:32:11.340 | INFO     | scripts.pipeline_class:translate:98 - Translation Done
2023-12-13 17:32:29.236 | INFO     | scripts.pipeline_class:translate:90 - Translating in hi_IN
2023-12-13 17:32:31.972 | INFO     | scripts.pipeline_class:translate:98 - Translation Done
2023-12-13 17:32:32.191 | INFO     | scripts.pipeline_class:translated_sub:126 - Translated.
2023-12-13 17:32:32.192 | INFO     | scripts.pipeline_class:translated_sub:127 - Subtitles are created
2023-12-13 17:32:32.192 | INFO     | scripts.pipeline_class:tts:134 - Starting Text to Speech
2023-12-13 17:33:41.752 | INFO     | scripts.pipeline_class:tts:148 - Text to Speech done
2023-12-13 17:33:42.369 | INFO     | scripts.pipeline_class:start:168 - Pipeline Done
2023-12-13 17:33:42.369 | INFO     | scripts.pipeline_class:process:177 - hindi process completed
