2023-12-13 15:26:35.302 | INFO     | scripts.pipeline_class:<module>:26 - Running on darwin
2023-12-13 15:26:35.303 | INFO     | scripts.pipeline_class:process:160 - hindi process started
2023-12-13 15:26:35.303 | INFO     | scripts.pipeline_class:__init__:31 - Class initialized
2023-12-13 15:26:35.303 | INFO     | scripts.pipeline_class:__init__:37 - Device: cpu
2023-12-13 15:26:35.304 | INFO     | scripts.pipeline_class:start:141 - Starting Pipeline
2023-12-13 15:26:35.304 | INFO     | scripts.pipeline_class:transcibe:42 - Starting Transcription
2023-12-13 15:26:38.354 | INFO     | scripts.pipeline_class:transcibe:50 - Transciption Done
2023-12-13 15:26:38.365 | INFO     | scripts.pipeline_class:translated_sub:92 - Creating Subtitles
2023-12-13 15:26:38.366 | INFO     | scripts.pipeline_class:translated_sub:97 - Reaching out to translator function...
2023-12-13 15:27:02.687 | INFO     | scripts.pipeline_class:translate:66 - Translating in hi_IN
2023-12-13 15:27:07.875 | INFO     | scripts.pipeline_class:translate:74 - Translation Done
2023-12-13 15:27:26.917 | INFO     | scripts.pipeline_class:translate:66 - Translating in hi_IN
2023-12-13 15:27:27.993 | INFO     | scripts.pipeline_class:translate:74 - Translation Done
2023-12-13 15:27:47.796 | INFO     | scripts.pipeline_class:translate:66 - Translating in hi_IN
2023-12-13 15:27:51.348 | INFO     | scripts.pipeline_class:translate:74 - Translation Done
2023-12-13 15:28:11.090 | INFO     | scripts.pipeline_class:translate:66 - Translating in hi_IN
2023-12-13 15:28:11.791 | INFO     | scripts.pipeline_class:translate:74 - Translation Done
2023-12-13 15:28:32.009 | INFO     | scripts.pipeline_class:translate:66 - Translating in hi_IN
2023-12-13 15:28:35.174 | INFO     | scripts.pipeline_class:translate:74 - Translation Done
2023-12-13 15:28:35.381 | INFO     | scripts.pipeline_class:translated_sub:111 - Translated.
2023-12-13 15:28:35.382 | INFO     | scripts.pipeline_class:translated_sub:112 - Subtitles are created
2023-12-13 15:28:35.382 | INFO     | scripts.pipeline_class:tts:119 - Starting Text to Speech
2023-12-13 15:30:56.663 | INFO     | scripts.pipeline_class:tts:133 - Text to Speech done
2023-12-13 15:30:57.252 | INFO     | scripts.pipeline_class:start:153 - Pipeline Done
2023-12-13 15:30:57.252 | INFO     | scripts.pipeline_class:process:162 - hindi process completed
