2023-12-03 07:52:04.275 | INFO     | scripts.pipeline_class:<module>:26 - Running on darwin
2023-12-03 07:52:04.276 | INFO     | scripts.pipeline_class:process:159 - hindi process started
2023-12-03 07:52:04.276 | INFO     | scripts.pipeline_class:__init__:31 - Class initialized
2023-12-03 07:52:04.276 | INFO     | scripts.pipeline_class:__init__:36 - Device: cpu
2023-12-03 07:52:04.276 | INFO     | scripts.pipeline_class:start:140 - Starting Pipeline
2023-12-03 07:52:04.276 | INFO     | scripts.pipeline_class:transcibe:41 - Starting Transcription
2023-12-03 07:52:08.220 | INFO     | scripts.pipeline_class:transcibe:49 - Transciption Done
2023-12-03 07:52:08.232 | INFO     | scripts.pipeline_class:translated_sub:91 - Creating Subtitles
2023-12-03 07:52:08.232 | INFO     | scripts.pipeline_class:translated_sub:96 - Reaching out to translator function...
2023-12-03 07:52:35.450 | INFO     | scripts.pipeline_class:translate:65 - Translating in hi_IN
2023-12-03 07:52:39.450 | INFO     | scripts.pipeline_class:translate:73 - Translation Done
2023-12-03 07:53:00.302 | INFO     | scripts.pipeline_class:translate:65 - Translating in hi_IN
2023-12-03 07:53:00.980 | INFO     | scripts.pipeline_class:translate:73 - Translation Done
2023-12-03 07:53:21.422 | INFO     | scripts.pipeline_class:translate:65 - Translating in hi_IN
2023-12-03 07:53:24.481 | INFO     | scripts.pipeline_class:translate:73 - Translation Done
2023-12-03 07:53:44.595 | INFO     | scripts.pipeline_class:translate:65 - Translating in hi_IN
2023-12-03 07:53:45.287 | INFO     | scripts.pipeline_class:translate:73 - Translation Done
2023-12-03 07:54:06.943 | INFO     | scripts.pipeline_class:translate:65 - Translating in hi_IN
2023-12-03 07:54:09.845 | INFO     | scripts.pipeline_class:translate:73 - Translation Done
2023-12-03 07:54:10.083 | INFO     | scripts.pipeline_class:translated_sub:110 - Translated.
2023-12-03 07:54:10.084 | INFO     | scripts.pipeline_class:translated_sub:111 - Subtitles are created
2023-12-03 07:54:10.084 | INFO     | scripts.pipeline_class:tts:118 - Starting Text to Speech
2023-12-03 07:54:18.957 | INFO     | scripts.pipeline_class:tts:132 - Text to Speech done
2023-12-03 07:54:18.962 | INFO     | scripts.pipeline_class:start:152 - Pipeline Done
2023-12-03 07:54:18.962 | INFO     | scripts.pipeline_class:process:161 - hindi process completed
