2023-12-19 08:46:34.536 | INFO     | scripts.pipeline_class:<module>:28 - Running on win32
2023-12-19 08:46:34.536 | INFO     | scripts.pipeline_ai:<module>:27 - Running on win32
2023-12-19 08:46:34.536 | INFO     | scripts.pipeline_ai:<module>:27 - Running on win32
2023-12-19 08:46:34.536 | INFO     | scripts.pipeline_class:process:190 - hindi process started
2023-12-19 08:46:34.536 | INFO     | scripts.pipeline_class:process:190 - hindi process started
2023-12-19 08:46:34.544 | INFO     | scripts.pipeline_class:__init__:33 - Class initialized
2023-12-19 08:46:34.544 | INFO     | scripts.pipeline_class:__init__:33 - Class initialized
2023-12-19 08:46:34.544 | INFO     | scripts.pipeline_class:__init__:39 - Device: cpu
2023-12-19 08:46:34.544 | INFO     | scripts.pipeline_class:__init__:39 - Device: cpu
2023-12-19 08:46:34.544 | INFO     | scripts.pipeline_class:start:117 - Starting Pipeline
2023-12-19 08:46:34.544 | INFO     | scripts.pipeline_class:start:117 - Starting Pipeline
2023-12-19 08:46:34.544 | INFO     | scripts.pipeline_class:translated_sub:68 - Creating Subtitles
2023-12-19 08:46:34.544 | INFO     | scripts.pipeline_class:translated_sub:68 - Creating Subtitles
2023-12-19 08:46:34.544 | INFO     | scripts.pipeline_class:translated_sub:73 - Reaching out to translator function...
2023-12-19 08:46:34.544 | INFO     | scripts.pipeline_class:translated_sub:73 - Reaching out to translator function...
2023-12-19 08:46:43.292 | INFO     | scripts.pipeline_class:translate:52 - Translating in hin_Deva
2023-12-19 08:46:43.292 | INFO     | scripts.pipeline_class:translate:52 - Translating in hin_Deva
2023-12-19 08:46:47.975 | INFO     | scripts.pipeline_class:translate:59 - Translation Done
2023-12-19 08:46:47.975 | INFO     | scripts.pipeline_class:translate:59 - Translation Done
2023-12-19 08:46:54.166 | INFO     | scripts.pipeline_class:translate:52 - Translating in hin_Deva
2023-12-19 08:46:54.166 | INFO     | scripts.pipeline_class:translate:52 - Translating in hin_Deva
2023-12-19 08:46:56.537 | INFO     | scripts.pipeline_class:translate:59 - Translation Done
2023-12-19 08:46:56.537 | INFO     | scripts.pipeline_class:translate:59 - Translation Done
2023-12-19 08:47:02.319 | INFO     | scripts.pipeline_class:translate:52 - Translating in hin_Deva
2023-12-19 08:47:02.319 | INFO     | scripts.pipeline_class:translate:52 - Translating in hin_Deva
2023-12-19 08:47:05.805 | INFO     | scripts.pipeline_class:translate:59 - Translation Done
2023-12-19 08:47:05.805 | INFO     | scripts.pipeline_class:translate:59 - Translation Done
2023-12-19 08:47:05.950 | INFO     | scripts.pipeline_class:translated_sub:87 - Translated.
2023-12-19 08:47:05.950 | INFO     | scripts.pipeline_class:translated_sub:87 - Translated.
2023-12-19 08:47:05.950 | INFO     | scripts.pipeline_class:translated_sub:88 - Subtitles are created
2023-12-19 08:47:05.950 | INFO     | scripts.pipeline_class:translated_sub:88 - Subtitles are created
2023-12-19 08:47:05.950 | INFO     | scripts.pipeline_class:tts:95 - Starting Text to Speech
2023-12-19 08:47:05.950 | INFO     | scripts.pipeline_class:tts:95 - Starting Text to Speech
2023-12-19 08:49:39.026 | ERROR    | scripts.pipeline_class:tts:101 - Error while loading TTS model:(MaxRetryError('HTTPSConnectionPool(host=\'cdn-lfs-us-1.huggingface.co\', port=443): Max retries exceeded with url: /repos/4e/f5/4ef57d60be7a4fc4fe11275a66ebde717719a364398c50716805a57f9cc29567/85cab984fbc111f8713827c440499453b9e66f262862866eeed8725c302ba2ac?response-content-disposition=attachment%3B+filename*%3DUTF-8%27%27model-00001-of-00002.safetensors%3B+filename%3D%22model-00001-of-00002.safetensors%22%3B&Expires=1703215030&Policy=eyJTdGF0ZW1lbnQiOlt7IkNvbmRpdGlvbiI6eyJEYXRlTGVzc1RoYW4iOnsiQVdTOkVwb2NoVGltZSI6MTcwMzIxNTAzMH19LCJSZXNvdXJjZSI6Imh0dHBzOi8vY2RuLWxmcy11cy0xLmh1Z2dpbmdmYWNlLmNvL3JlcG9zLzRlL2Y1LzRlZjU3ZDYwYmU3YTRmYzRmZTExMjc1YTY2ZWJkZTcxNzcxOWEzNjQzOThjNTA3MTY4MDVhNTdmOWNjMjk1NjcvODVjYWI5ODRmYmMxMTFmODcxMzgyN2M0NDA0OTk0NTNiOWU2NmYyNjI4NjI4NjZlZWVkODcyNWMzMDJiYTJhYz9yZXNwb25zZS1jb250ZW50LWRpc3Bvc2l0aW9uPSoifV19&Signature=SdAuGkNktVAX-LojxFJ6AyVtQ4nU1vWVfXGCAjC8WgvZOP6RSkO73BTrUOw5SBGljyCTR9X-xK5QIY6EJelxNxviAXAPyRuvTYr5BhSaL~GuMOCIHcgS-vHFCk1iL8~SnHJ1CcHGxkXmT2a4f~jtmpIXJi75UBJFNNhSRKZulfjka~PKJe9OPo610zmE-27i3Ksbf3GYrzn7xFp~4wwsTa-v7VIy0xl~N13ZukGiXzY7jqTkuHV17LHTfU1Iwu8cawm42j61FwBLxeSk636vsLN6-SMZGnNuwsSHbA6HGKK72bJppKe7lS-IwYo4w20AfMjdhUiy0PjNe1jXTLl5sA__&Key-Pair-Id=KCD77M1F0VK2B (Caused by NameResolutionError("<urllib3.connection.HTTPSConnection object at 0x00000149AFC7BFD0>: Failed to resolve \'cdn-lfs-us-1.huggingface.co\' ([Errno 11001] getaddrinfo failed)"))'), '(Request ID: 65462392-01cd-4d4b-b9d3-5a3d5e1c0c0a)')
2023-12-19 08:49:39.026 | ERROR    | scripts.pipeline_class:tts:101 - Error while loading TTS model:(MaxRetryError('HTTPSConnectionPool(host=\'cdn-lfs-us-1.huggingface.co\', port=443): Max retries exceeded with url: /repos/4e/f5/4ef57d60be7a4fc4fe11275a66ebde717719a364398c50716805a57f9cc29567/85cab984fbc111f8713827c440499453b9e66f262862866eeed8725c302ba2ac?response-content-disposition=attachment%3B+filename*%3DUTF-8%27%27model-00001-of-00002.safetensors%3B+filename%3D%22model-00001-of-00002.safetensors%22%3B&Expires=1703215030&Policy=eyJTdGF0ZW1lbnQiOlt7IkNvbmRpdGlvbiI6eyJEYXRlTGVzc1RoYW4iOnsiQVdTOkVwb2NoVGltZSI6MTcwMzIxNTAzMH19LCJSZXNvdXJjZSI6Imh0dHBzOi8vY2RuLWxmcy11cy0xLmh1Z2dpbmdmYWNlLmNvL3JlcG9zLzRlL2Y1LzRlZjU3ZDYwYmU3YTRmYzRmZTExMjc1YTY2ZWJkZTcxNzcxOWEzNjQzOThjNTA3MTY4MDVhNTdmOWNjMjk1NjcvODVjYWI5ODRmYmMxMTFmODcxMzgyN2M0NDA0OTk0NTNiOWU2NmYyNjI4NjI4NjZlZWVkODcyNWMzMDJiYTJhYz9yZXNwb25zZS1jb250ZW50LWRpc3Bvc2l0aW9uPSoifV19&Signature=SdAuGkNktVAX-LojxFJ6AyVtQ4nU1vWVfXGCAjC8WgvZOP6RSkO73BTrUOw5SBGljyCTR9X-xK5QIY6EJelxNxviAXAPyRuvTYr5BhSaL~GuMOCIHcgS-vHFCk1iL8~SnHJ1CcHGxkXmT2a4f~jtmpIXJi75UBJFNNhSRKZulfjka~PKJe9OPo610zmE-27i3Ksbf3GYrzn7xFp~4wwsTa-v7VIy0xl~N13ZukGiXzY7jqTkuHV17LHTfU1Iwu8cawm42j61FwBLxeSk636vsLN6-SMZGnNuwsSHbA6HGKK72bJppKe7lS-IwYo4w20AfMjdhUiy0PjNe1jXTLl5sA__&Key-Pair-Id=KCD77M1F0VK2B (Caused by NameResolutionError("<urllib3.connection.HTTPSConnection object at 0x00000149AFC7BFD0>: Failed to resolve \'cdn-lfs-us-1.huggingface.co\' ([Errno 11001] getaddrinfo failed)"))'), '(Request ID: 65462392-01cd-4d4b-b9d3-5a3d5e1c0c0a)')
2023-12-19 08:49:39.028 | ERROR    | scripts.pipeline_class:tts:112 - Error while TTS:1
2023-12-19 08:49:39.028 | ERROR    | scripts.pipeline_class:tts:112 - Error while TTS:1
2023-12-19 08:49:39.028 | ERROR    | scripts.pipeline_class:start:131 - Error while running pipeline:1
2023-12-19 08:49:39.028 | ERROR    | scripts.pipeline_class:start:131 - Error while running pipeline:1
