2023-12-19 17:09:22.245 | INFO     | scripts.pipeline_class:<module>:28 - Running on darwin
2023-12-19 17:09:22.247 | INFO     | scripts.pipeline_ai:<module>:29 - Running on darwin
2023-12-19 17:09:22.248 | INFO     | scripts.pipeline_class:process:190 - hindi process started
2023-12-19 17:09:22.248 | INFO     | scripts.pipeline_class:__init__:33 - Class initialized
2023-12-19 17:09:22.248 | INFO     | scripts.pipeline_class:__init__:39 - Device: cpu
2023-12-19 17:09:22.248 | INFO     | scripts.pipeline_class:start:117 - Starting Pipeline
2023-12-19 17:09:22.248 | INFO     | scripts.pipeline_class:translated_sub:68 - Creating Subtitles
2023-12-19 17:09:22.248 | INFO     | scripts.pipeline_class:translated_sub:73 - Reaching out to translator function...
2023-12-19 17:09:36.328 | INFO     | scripts.pipeline_class:translate:52 - Translating in hin_Deva
2023-12-19 17:09:38.343 | INFO     | scripts.pipeline_class:translate:59 - Translation Done
2023-12-19 17:09:50.260 | INFO     | scripts.pipeline_class:translate:52 - Translating in hin_Deva
2023-12-19 17:09:51.607 | INFO     | scripts.pipeline_class:translate:59 - Translation Done
2023-12-19 17:10:03.678 | INFO     | scripts.pipeline_class:translate:52 - Translating in hin_Deva
2023-12-19 17:10:05.427 | INFO     | scripts.pipeline_class:translate:59 - Translation Done
2023-12-19 17:10:05.484 | INFO     | scripts.pipeline_class:translated_sub:87 - Translated.
2023-12-19 17:10:05.484 | INFO     | scripts.pipeline_class:translated_sub:88 - Subtitles are created
2023-12-19 17:10:05.484 | INFO     | scripts.pipeline_class:tts:95 - Starting Text to Speech
2023-12-19 17:11:05.888 | INFO     | scripts.pipeline_class:tts:109 - Text to Speech done
2023-12-19 17:11:06.336 | INFO     | scripts.pipeline_class:start:129 - Pipeline Done
2023-12-19 17:11:06.336 | INFO     | scripts.pipeline_class:process:192 - hindi process completed
