2023-12-03 18:07:50.885 | INFO     | scripts.pipeline_class:<module>:26 - Running on darwin
2023-12-03 18:07:50.887 | INFO     | scripts.pipeline_class:process:159 - marathi process started
2023-12-03 18:07:50.887 | INFO     | scripts.pipeline_class:__init__:31 - Class initialized
2023-12-03 18:07:50.887 | INFO     | scripts.pipeline_class:__init__:36 - Device: cpu
2023-12-03 18:07:50.887 | INFO     | scripts.pipeline_class:start:140 - Starting Pipeline
2023-12-03 18:07:50.887 | INFO     | scripts.pipeline_class:transcibe:41 - Starting Transcription
2023-12-03 18:07:54.114 | INFO     | scripts.pipeline_class:transcibe:49 - Transciption Done
2023-12-03 18:07:54.131 | INFO     | scripts.pipeline_class:translated_sub:91 - Creating Subtitles
2023-12-03 18:07:54.131 | INFO     | scripts.pipeline_class:translated_sub:96 - Reaching out to translator function...
2023-12-03 18:08:18.261 | INFO     | scripts.pipeline_class:translate:65 - Translating in mr_IN
2023-12-03 18:08:27.349 | INFO     | scripts.pipeline_class:translate:73 - Translation Done
2023-12-03 18:08:48.475 | INFO     | scripts.pipeline_class:translate:65 - Translating in mr_IN
2023-12-03 18:08:49.345 | INFO     | scripts.pipeline_class:translate:73 - Translation Done
2023-12-03 18:09:10.425 | INFO     | scripts.pipeline_class:translate:65 - Translating in mr_IN
2023-12-03 18:09:19.734 | INFO     | scripts.pipeline_class:translate:73 - Translation Done
2023-12-03 18:09:40.691 | INFO     | scripts.pipeline_class:translate:65 - Translating in mr_IN
2023-12-03 18:09:41.534 | INFO     | scripts.pipeline_class:translate:73 - Translation Done
2023-12-03 18:10:02.430 | INFO     | scripts.pipeline_class:translate:65 - Translating in mr_IN
2023-12-03 18:10:08.747 | INFO     | scripts.pipeline_class:translate:73 - Translation Done
2023-12-03 18:10:08.979 | INFO     | scripts.pipeline_class:translated_sub:110 - Translated.
2023-12-03 18:10:08.979 | INFO     | scripts.pipeline_class:translated_sub:111 - Subtitles are created
2023-12-03 18:10:08.979 | INFO     | scripts.pipeline_class:tts:118 - Starting Text to Speech
2023-12-03 18:10:14.632 | INFO     | scripts.pipeline_class:tts:132 - Text to Speech done
2023-12-03 18:10:14.638 | INFO     | scripts.pipeline_class:start:152 - Pipeline Done
2023-12-03 18:10:14.638 | INFO     | scripts.pipeline_class:process:161 - marathi process completed
