2023-12-19 10:42:44.284 | INFO     | scripts.pipeline_class:<module>:28 - Running on win32
2023-12-19 10:42:44.284 | INFO     | scripts.pipeline_ai:<module>:29 - Running on win32
2023-12-19 10:42:44.284 | INFO     | scripts.pipeline_ai:<module>:29 - Running on win32
2023-12-19 10:42:44.284 | INFO     | scripts.pipeline_ai:process:195 - assamese process started
2023-12-19 10:42:44.284 | INFO     | scripts.pipeline_ai:process:195 - assamese process started
2023-12-19 10:42:44.284 | INFO     | scripts.pipeline_ai:__init__:34 - Class initialized
2023-12-19 10:42:44.284 | INFO     | scripts.pipeline_ai:__init__:34 - Class initialized
2023-12-19 10:42:44.284 | INFO     | scripts.pipeline_ai:__init__:40 - Device: cpu
2023-12-19 10:42:44.284 | INFO     | scripts.pipeline_ai:__init__:40 - Device: cpu
2023-12-19 10:42:44.284 | INFO     | scripts.pipeline_ai:start:122 - Starting Pipeline
2023-12-19 10:42:44.284 | INFO     | scripts.pipeline_ai:start:122 - Starting Pipeline
2023-12-19 10:42:44.284 | INFO     | scripts.pipeline_ai:translated_sub:69 - Creating Subtitles
2023-12-19 10:42:44.284 | INFO     | scripts.pipeline_ai:translated_sub:69 - Creating Subtitles
2023-12-19 10:42:44.284 | INFO     | scripts.pipeline_ai:translated_sub:74 - Reaching out to translator function...
2023-12-19 10:42:44.284 | INFO     | scripts.pipeline_ai:translated_sub:74 - Reaching out to translator function...
2023-12-19 10:42:57.360 | INFO     | scripts.pipeline_ai:translate:53 - Translating in asm_Beng
2023-12-19 10:42:57.360 | INFO     | scripts.pipeline_ai:translate:53 - Translating in asm_Beng
2023-12-19 10:43:00.526 | INFO     | scripts.pipeline_ai:translate:60 - Translation Done
2023-12-19 10:43:00.526 | INFO     | scripts.pipeline_ai:translate:60 - Translation Done
2023-12-19 10:43:09.015 | INFO     | scripts.pipeline_ai:translate:53 - Translating in asm_Beng
2023-12-19 10:43:09.015 | INFO     | scripts.pipeline_ai:translate:53 - Translating in asm_Beng
2023-12-19 10:43:11.499 | INFO     | scripts.pipeline_ai:translate:60 - Translation Done
2023-12-19 10:43:11.499 | INFO     | scripts.pipeline_ai:translate:60 - Translation Done
2023-12-19 10:43:19.623 | INFO     | scripts.pipeline_ai:translate:53 - Translating in asm_Beng
2023-12-19 10:43:19.623 | INFO     | scripts.pipeline_ai:translate:53 - Translating in asm_Beng
2023-12-19 10:43:22.054 | INFO     | scripts.pipeline_ai:translate:60 - Translation Done
2023-12-19 10:43:22.054 | INFO     | scripts.pipeline_ai:translate:60 - Translation Done
2023-12-19 10:43:22.182 | INFO     | scripts.pipeline_ai:translated_sub:88 - Translated.
2023-12-19 10:43:22.182 | INFO     | scripts.pipeline_ai:translated_sub:88 - Translated.
2023-12-19 10:43:22.182 | INFO     | scripts.pipeline_ai:translated_sub:89 - Subtitles are created
2023-12-19 10:43:22.182 | INFO     | scripts.pipeline_ai:translated_sub:89 - Subtitles are created
2023-12-19 10:43:22.182 | ERROR    | scripts.pipeline_ai:start:136 - Error while running pipeline:Pipeline.tts() takes 4 positional arguments but 5 were given
2023-12-19 10:43:22.182 | ERROR    | scripts.pipeline_ai:start:136 - Error while running pipeline:Pipeline.tts() takes 4 positional arguments but 5 were given
