2023-12-13 19:46:16.985 | INFO     | scripts.pipeline_class:<module>:25 - Running on darwin
2023-12-13 19:46:16.985 | INFO     | scripts.pipeline_class:<module>:25 - Running on darwin
2023-12-13 19:46:16.986 | INFO     | scripts.pipeline_class:process:175 - bengali process started
2023-12-13 19:46:16.986 | INFO     | scripts.pipeline_class:process:175 - hindi process started
2023-12-13 19:46:16.986 | INFO     | scripts.pipeline_class:__init__:30 - Class initialized
2023-12-13 19:46:16.986 | INFO     | scripts.pipeline_class:__init__:30 - Class initialized
2023-12-13 19:46:16.986 | INFO     | scripts.pipeline_class:__init__:36 - Device: cpu
2023-12-13 19:46:16.986 | INFO     | scripts.pipeline_class:__init__:36 - Device: cpu
2023-12-13 19:46:16.986 | INFO     | scripts.pipeline_class:start:156 - Starting Pipeline
2023-12-13 19:46:16.986 | INFO     | scripts.pipeline_class:transcibe:51 - Starting Transcription
2023-12-13 19:46:16.986 | INFO     | scripts.pipeline_class:start:156 - Starting Pipeline
2023-12-13 19:46:16.987 | INFO     | scripts.pipeline_class:transcibe:51 - Starting Transcription
2023-12-13 19:46:33.553 | INFO     | scripts.pipeline_class:transcibe:60 - Transciption Done
2023-12-13 19:46:33.610 | INFO     | scripts.pipeline_class:transcibe:60 - Transciption Done
2023-12-13 19:46:46.981 | INFO     | scripts.pipeline_class:translated_sub:107 - Creating Subtitles
2023-12-13 19:46:46.982 | INFO     | scripts.pipeline_class:translated_sub:112 - Reaching out to translator function...
2023-12-13 19:46:46.994 | ERROR    | scripts.pipeline_class:transcibe:77 - Error occured while transcribing text:[Errno 17] File exists: './data/input/x.srt'
2023-12-13 19:46:46.994 | ERROR    | scripts.pipeline_class:start:170 - Error while running pipeline:1
2023-12-13 19:47:04.703 | INFO     | scripts.pipeline_class:translate:90 - Translating in bn_IN
2023-12-13 19:47:09.426 | INFO     | scripts.pipeline_class:translate:98 - Translation Done
