2023-12-19 11:51:39.356 | INFO     | scripts.pipeline_class:<module>:28 - Running on win32
2023-12-19 11:51:39.356 | INFO     | scripts.pipeline_ai:<module>:29 - Running on win32
2023-12-19 11:51:39.356 | INFO     | scripts.pipeline_ai:<module>:29 - Running on win32
2023-12-19 11:51:39.356 | INFO     | scripts.pipeline_ai:process:195 - assamese process started
2023-12-19 11:51:39.356 | INFO     | scripts.pipeline_ai:process:195 - assamese process started
2023-12-19 11:51:39.356 | INFO     | scripts.pipeline_ai:__init__:34 - Class initialized
2023-12-19 11:51:39.356 | INFO     | scripts.pipeline_ai:__init__:34 - Class initialized
2023-12-19 11:51:39.356 | INFO     | scripts.pipeline_ai:__init__:40 - Device: cpu
2023-12-19 11:51:39.356 | INFO     | scripts.pipeline_ai:__init__:40 - Device: cpu
2023-12-19 11:51:39.356 | INFO     | scripts.pipeline_ai:start:122 - Starting Pipeline
2023-12-19 11:51:39.356 | INFO     | scripts.pipeline_ai:start:122 - Starting Pipeline
2023-12-19 11:51:39.356 | INFO     | scripts.pipeline_ai:translated_sub:69 - Creating Subtitles
2023-12-19 11:51:39.356 | INFO     | scripts.pipeline_ai:translated_sub:69 - Creating Subtitles
2023-12-19 11:51:39.356 | INFO     | scripts.pipeline_ai:translated_sub:74 - Reaching out to translator function...
2023-12-19 11:51:39.356 | INFO     | scripts.pipeline_ai:translated_sub:74 - Reaching out to translator function...
2023-12-19 11:51:47.313 | INFO     | scripts.pipeline_ai:translate:53 - Translating in asm_Beng
2023-12-19 11:51:47.313 | INFO     | scripts.pipeline_ai:translate:53 - Translating in asm_Beng
2023-12-19 11:51:51.790 | INFO     | scripts.pipeline_ai:translate:60 - Translation Done
2023-12-19 11:51:51.790 | INFO     | scripts.pipeline_ai:translate:60 - Translation Done
2023-12-19 11:51:57.631 | INFO     | scripts.pipeline_ai:translate:53 - Translating in asm_Beng
2023-12-19 11:51:57.631 | INFO     | scripts.pipeline_ai:translate:53 - Translating in asm_Beng
2023-12-19 11:52:00.585 | INFO     | scripts.pipeline_ai:translate:60 - Translation Done
2023-12-19 11:52:00.585 | INFO     | scripts.pipeline_ai:translate:60 - Translation Done
2023-12-19 11:52:06.053 | INFO     | scripts.pipeline_ai:translate:53 - Translating in asm_Beng
2023-12-19 11:52:06.053 | INFO     | scripts.pipeline_ai:translate:53 - Translating in asm_Beng
2023-12-19 11:52:08.929 | INFO     | scripts.pipeline_ai:translate:60 - Translation Done
2023-12-19 11:52:08.929 | INFO     | scripts.pipeline_ai:translate:60 - Translation Done
2023-12-19 11:52:09.062 | INFO     | scripts.pipeline_ai:translated_sub:88 - Translated.
2023-12-19 11:52:09.062 | INFO     | scripts.pipeline_ai:translated_sub:88 - Translated.
2023-12-19 11:52:09.062 | INFO     | scripts.pipeline_ai:translated_sub:89 - Subtitles are created
2023-12-19 11:52:09.062 | INFO     | scripts.pipeline_ai:translated_sub:89 - Subtitles are created
2023-12-19 11:52:09.062 | INFO     | scripts.pipeline_ai:tts:96 - Starting Text to Speech
2023-12-19 11:52:09.062 | INFO     | scripts.pipeline_ai:tts:96 - Starting Text to Speech
2023-12-19 11:52:17.306 | INFO     | scripts.pipeline_ai:tts:114 - Text to Speech done
2023-12-19 11:52:17.306 | INFO     | scripts.pipeline_ai:tts:114 - Text to Speech done
2023-12-19 11:52:17.306 | INFO     | scripts.pipeline_ai:start:134 - Pipeline Done
2023-12-19 11:52:17.306 | INFO     | scripts.pipeline_ai:start:134 - Pipeline Done
2023-12-19 11:52:17.306 | INFO     | scripts.pipeline_ai:process:197 - assamese process completed
2023-12-19 11:52:17.306 | INFO     | scripts.pipeline_ai:process:197 - assamese process completed
