2023-12-13 15:26:35.302 | INFO     | scripts.pipeline_class:<module>:26 - Running on darwin
2023-12-13 15:26:35.303 | INFO     | scripts.pipeline_class:process:160 - bengali process started
2023-12-13 15:26:35.303 | INFO     | scripts.pipeline_class:__init__:31 - Class initialized
2023-12-13 15:26:35.303 | INFO     | scripts.pipeline_class:__init__:37 - Device: cpu
2023-12-13 15:26:35.304 | INFO     | scripts.pipeline_class:start:141 - Starting Pipeline
2023-12-13 15:26:35.304 | INFO     | scripts.pipeline_class:transcibe:42 - Starting Transcription
2023-12-13 15:26:38.450 | INFO     | scripts.pipeline_class:transcibe:50 - Transciption Done
2023-12-13 15:26:38.461 | INFO     | scripts.pipeline_class:translated_sub:92 - Creating Subtitles
2023-12-13 15:26:38.462 | INFO     | scripts.pipeline_class:translated_sub:97 - Reaching out to translator function...
2023-12-13 15:27:02.652 | INFO     | scripts.pipeline_class:translate:66 - Translating in bn_IN
2023-12-13 15:27:10.064 | INFO     | scripts.pipeline_class:translate:74 - Translation Done
2023-12-13 15:27:29.342 | INFO     | scripts.pipeline_class:translate:66 - Translating in bn_IN
2023-12-13 15:27:30.239 | INFO     | scripts.pipeline_class:translate:74 - Translation Done
2023-12-13 15:27:51.560 | INFO     | scripts.pipeline_class:translate:66 - Translating in bn_IN
2023-12-13 15:27:57.124 | INFO     | scripts.pipeline_class:translate:74 - Translation Done
2023-12-13 15:28:17.589 | INFO     | scripts.pipeline_class:translate:66 - Translating in bn_IN
2023-12-13 15:28:18.452 | INFO     | scripts.pipeline_class:translate:74 - Translation Done
2023-12-13 15:28:36.629 | INFO     | scripts.pipeline_class:translate:66 - Translating in bn_IN
2023-12-13 15:28:41.701 | INFO     | scripts.pipeline_class:translate:74 - Translation Done
2023-12-13 15:28:41.891 | INFO     | scripts.pipeline_class:translated_sub:111 - Translated.
2023-12-13 15:28:41.891 | INFO     | scripts.pipeline_class:translated_sub:112 - Subtitles are created
2023-12-13 15:28:41.891 | INFO     | scripts.pipeline_class:tts:119 - Starting Text to Speech
2023-12-13 15:30:53.012 | INFO     | scripts.pipeline_class:tts:133 - Text to Speech done
2023-12-13 15:30:54.013 | INFO     | scripts.pipeline_class:start:153 - Pipeline Done
2023-12-13 15:30:54.014 | INFO     | scripts.pipeline_class:process:162 - bengali process completed
