2023-12-19 10:58:28.145 | INFO     | scripts.pipeline_class:<module>:28 - Running on win32
2023-12-19 10:58:28.145 | INFO     | scripts.pipeline_ai:<module>:29 - Running on win32
2023-12-19 10:58:28.145 | INFO     | scripts.pipeline_ai:<module>:29 - Running on win32
2023-12-19 10:58:28.145 | INFO     | scripts.pipeline_ai:process:195 - assamese process started
2023-12-19 10:58:28.145 | INFO     | scripts.pipeline_ai:process:195 - assamese process started
2023-12-19 10:58:28.145 | INFO     | scripts.pipeline_ai:__init__:34 - Class initialized
2023-12-19 10:58:28.145 | INFO     | scripts.pipeline_ai:__init__:34 - Class initialized
2023-12-19 10:58:28.145 | INFO     | scripts.pipeline_ai:__init__:40 - Device: cpu
2023-12-19 10:58:28.145 | INFO     | scripts.pipeline_ai:__init__:40 - Device: cpu
2023-12-19 10:58:28.145 | INFO     | scripts.pipeline_ai:start:122 - Starting Pipeline
2023-12-19 10:58:28.145 | INFO     | scripts.pipeline_ai:start:122 - Starting Pipeline
2023-12-19 10:58:28.145 | INFO     | scripts.pipeline_ai:translated_sub:69 - Creating Subtitles
2023-12-19 10:58:28.145 | INFO     | scripts.pipeline_ai:translated_sub:69 - Creating Subtitles
2023-12-19 10:58:28.145 | INFO     | scripts.pipeline_ai:translated_sub:74 - Reaching out to translator function...
2023-12-19 10:58:28.145 | INFO     | scripts.pipeline_ai:translated_sub:74 - Reaching out to translator function...
2023-12-19 10:58:35.597 | INFO     | scripts.pipeline_ai:translate:53 - Translating in asm_Beng
2023-12-19 10:58:35.597 | INFO     | scripts.pipeline_ai:translate:53 - Translating in asm_Beng
2023-12-19 10:58:38.763 | INFO     | scripts.pipeline_ai:translate:60 - Translation Done
2023-12-19 10:58:38.763 | INFO     | scripts.pipeline_ai:translate:60 - Translation Done
2023-12-19 10:58:45.147 | INFO     | scripts.pipeline_ai:translate:53 - Translating in asm_Beng
2023-12-19 10:58:45.147 | INFO     | scripts.pipeline_ai:translate:53 - Translating in asm_Beng
2023-12-19 10:58:47.602 | INFO     | scripts.pipeline_ai:translate:60 - Translation Done
2023-12-19 10:58:47.602 | INFO     | scripts.pipeline_ai:translate:60 - Translation Done
2023-12-19 10:58:53.673 | INFO     | scripts.pipeline_ai:translate:53 - Translating in asm_Beng
2023-12-19 10:58:53.673 | INFO     | scripts.pipeline_ai:translate:53 - Translating in asm_Beng
2023-12-19 10:58:56.632 | INFO     | scripts.pipeline_ai:translate:60 - Translation Done
2023-12-19 10:58:56.632 | INFO     | scripts.pipeline_ai:translate:60 - Translation Done
2023-12-19 10:58:56.733 | INFO     | scripts.pipeline_ai:translated_sub:88 - Translated.
2023-12-19 10:58:56.733 | INFO     | scripts.pipeline_ai:translated_sub:88 - Translated.
2023-12-19 10:58:56.733 | INFO     | scripts.pipeline_ai:translated_sub:89 - Subtitles are created
2023-12-19 10:58:56.733 | INFO     | scripts.pipeline_ai:translated_sub:89 - Subtitles are created
2023-12-19 10:58:56.733 | INFO     | scripts.pipeline_ai:tts:96 - Starting Text to Speech
2023-12-19 10:58:56.733 | INFO     | scripts.pipeline_ai:tts:96 - Starting Text to Speech
2023-12-19 10:59:16.745 | INFO     | scripts.pipeline_ai:tts:114 - Text to Speech done
2023-12-19 10:59:16.745 | INFO     | scripts.pipeline_ai:tts:114 - Text to Speech done
2023-12-19 10:59:16.745 | INFO     | scripts.pipeline_ai:start:134 - Pipeline Done
2023-12-19 10:59:16.745 | INFO     | scripts.pipeline_ai:start:134 - Pipeline Done
2023-12-19 10:59:16.745 | INFO     | scripts.pipeline_ai:process:197 - assamese process completed
2023-12-19 10:59:16.745 | INFO     | scripts.pipeline_ai:process:197 - assamese process completed
